2019-06-10 10:02:45 [ main ] Translate many conditions using and has not been implemented!
2019-06-10 10:09:09 [ main ] java.sql.SQLException: Parameter index out of range (0 < 1 ).
2019-06-10 10:11:01 [ main ] java.sql.SQLException: Parameter index out of range (0 < 1 ).
2019-06-10 10:14:00 [ main ] java.sql.SQLException: Parameter index out of range (0 < 1 ).
2019-06-10 10:16:45 [ main ] java.lang.NullPointerException
2019-06-10 10:17:59 [ main ] java.lang.NullPointerException
2019-06-10 10:19:16 [ main ] java.lang.NullPointerException
2019-06-10 16:58:42 [ main ] Unknown column 'form_id' in 'where clause'
2019-06-10 17:03:03 [ main ] 连接数据库错误！
2019-06-10 17:10:52 [ main ] 连接数据库错误！
2019-06-10 18:50:48 [ main ] 连接数据库错误！
2019-06-11 10:40:17 [ main ] com.mysql.jdbc.exceptions.jdbc4.MySQLNonTransientConnectionException: No operations allowed after connection closed.
2019-06-11 11:05:00 [ main ] com.mysql.jdbc.exceptions.jdbc4.MySQLNonTransientConnectionException: No operations allowed after connection closed.
2019-06-11 11:20:20 [ http-nio-8080-exec-14 ] Data truncation: Data too long for column 'rule_content' at row 1
2019-06-11 11:22:23 [ http-nio-8080-exec-17 ] Data truncation: Data too long for column 'rule_content' at row 1
2019-06-11 11:26:04 [ http-nio-8080-exec-1 ] Data truncation: Data too long for column 'rule_content' at row 1
2019-06-11 12:42:55 [ main ] com.mysql.jdbc.exceptions.jdbc4.MySQLNonTransientConnectionException: No operations allowed after connection closed.
2019-06-11 12:43:58 [ main ] com.mysql.jdbc.exceptions.jdbc4.MySQLNonTransientConnectionException: No operations allowed after connection closed.
2019-06-11 12:44:59 [ main ] com.mysql.jdbc.exceptions.jdbc4.MySQLNonTransientConnectionException: No operations allowed after connection closed.
2019-06-11 12:44:59 [ main ] 连接数据库错误！
2019-06-11 12:46:51 [ main ] com.mysql.jdbc.exceptions.jdbc4.MySQLNonTransientConnectionException: No operations allowed after connection closed.
2019-06-11 12:46:51 [ main ] 连接数据库错误！
2019-06-11 12:50:44 [ main ] com.mysql.jdbc.exceptions.jdbc4.MySQLNonTransientConnectionException: No operations allowed after connection closed.
2019-06-11 12:50:44 [ main ] 连接数据库错误！
2019-06-11 12:57:32 [ main ] com.mysql.jdbc.exceptions.jdbc4.MySQLNonTransientConnectionException: No operations allowed after connection closed.
2019-06-11 12:59:25 [ main ] com.mysql.jdbc.exceptions.jdbc4.MySQLNonTransientConnectionException: No operations allowed after connection closed.
2019-06-11 13:00:03 [ main ] com.mysql.jdbc.exceptions.jdbc4.MySQLNonTransientConnectionException: No operations allowed after connection closed.
2019-06-11 13:00:03 [ main ] 连接数据库错误！
2019-06-11 13:00:19 [ main ] com.mysql.jdbc.exceptions.jdbc4.MySQLNonTransientConnectionException: No operations allowed after connection closed.
2019-06-11 13:00:20 [ main ] 连接数据库错误！
2019-06-11 13:04:46 [ main ] com.mysql.jdbc.exceptions.jdbc4.MySQLNonTransientConnectionException: No operations allowed after connection closed.
2019-06-11 13:04:46 [ main ] 连接数据库错误！
2019-06-11 13:07:49 [ main ] com.mysql.jdbc.exceptions.jdbc4.MySQLNonTransientConnectionException: No operations allowed after connection closed.
2019-06-11 13:07:49 [ main ] 连接数据库错误！
2019-06-11 13:11:45 [ main ] com.mysql.jdbc.exceptions.jdbc4.MySQLNonTransientConnectionException: No operations allowed after connection closed.
2019-06-11 13:11:45 [ main ] 连接数据库错误！
2019-06-11 13:22:15 [ main ] com.mysql.jdbc.exceptions.jdbc4.MySQLNonTransientConnectionException: No operations allowed after connection closed.
2019-06-11 13:22:15 [ main ] 连接数据库错误！
2019-06-11 13:35:21 [ main ] com.mysql.jdbc.exceptions.jdbc4.MySQLNonTransientConnectionException: No operations allowed after connection closed.
2019-06-11 13:35:21 [ main ] 连接数据库错误！
2019-06-11 13:38:47 [ main ] com.mysql.jdbc.exceptions.jdbc4.MySQLNonTransientConnectionException: No operations allowed after connection closed.
2019-06-11 13:40:41 [ main ] com.mysql.jdbc.exceptions.jdbc4.MySQLNonTransientConnectionException: No operations allowed after connection closed.
2019-06-11 13:40:41 [ main ] com.mysql.jdbc.exceptions.jdbc4.MySQLNonTransientConnectionException: No operations allowed after connection closed.
2019-06-11 13:42:08 [ main ] com.mysql.jdbc.exceptions.jdbc4.MySQLNonTransientConnectionException: No operations allowed after connection closed.
2019-06-11 13:45:08 [ main ] com.mysql.jdbc.exceptions.jdbc4.MySQLNonTransientConnectionException: No operations allowed after connection closed.
2019-06-11 13:46:59 [ main ] com.mysql.jdbc.exceptions.jdbc4.MySQLNonTransientConnectionException: No operations allowed after connection closed.
2019-06-11 13:48:24 [ main ] com.mysql.jdbc.exceptions.jdbc4.MySQLNonTransientConnectionException: No operations allowed after connection closed.
