2019-06-13 11:54:29 [ http-nio-8080-exec-2 ] HHH000412: Hibernate Core {5.2.17.Final}
2019-06-13 11:54:29 [ http-nio-8080-exec-2 ] HHH000206: hibernate.properties not found
2019-06-13 11:54:30 [ http-nio-8080-exec-2 ] HCANN000001: Hibernate Commons Annotations {5.0.1.Final}
2019-06-13 11:54:30 [ http-nio-8080-exec-2 ] HHH90000012: Recognized obsolete hibernate namespace http://hibernate.sourceforge.net/hibernate-mapping. Use namespace http://www.hibernate.org/dtd/hibernate-mapping instead.  Support for obsolete DTD/XSD namespaces may be removed at any time.
2019-06-13 11:54:32 [ http-nio-8080-exec-2 ] HHH10001002: Using Hibernate built-in connection pool (not for production use!)
2019-06-13 11:54:32 [ http-nio-8080-exec-2 ] HHH10001005: using driver [com.mysql.jdbc.Driver] at URL [jdbc:mysql://localhost:3306/education]
2019-06-13 11:54:32 [ http-nio-8080-exec-2 ] HHH10001001: Connection properties: {user=root, password=****}
2019-06-13 11:54:32 [ http-nio-8080-exec-2 ] HHH10001003: Autocommit mode: false
2019-06-13 11:54:32 [ http-nio-8080-exec-2 ] HHH000115: Hibernate connection pool size: 20 (min=1)
2019-06-13 11:54:32 [ http-nio-8080-exec-2 ] HHH000400: Using dialect: org.hibernate.dialect.MySQLDialect
2019-06-13 11:54:34 [ http-nio-8080-exec-2 ] HHH10001501: Connection obtained from JdbcConnectionAccess [org.hibernate.engine.jdbc.env.internal.JdbcEnvironmentInitiator$ConnectionProviderJdbcConnectionAccess@64f76490] for (non-JTA) DDL execution was not in auto-commit mode; the Connection 'local transaction' will be committed and the Connection will be set into auto-commit mode.
2019-06-13 11:54:34 [ http-nio-8080-exec-2 ] HHH000397: Using ASTQueryTranslatorFactory
2019-06-13 15:01:28 [ http-nio-8080-exec-2 ] HHH000412: Hibernate Core {5.2.17.Final}
2019-06-13 15:01:28 [ http-nio-8080-exec-2 ] HHH000206: hibernate.properties not found
2019-06-13 15:01:28 [ http-nio-8080-exec-2 ] HCANN000001: Hibernate Commons Annotations {5.0.1.Final}
2019-06-13 15:01:28 [ http-nio-8080-exec-2 ] HHH90000012: Recognized obsolete hibernate namespace http://hibernate.sourceforge.net/hibernate-mapping. Use namespace http://www.hibernate.org/dtd/hibernate-mapping instead.  Support for obsolete DTD/XSD namespaces may be removed at any time.
2019-06-13 15:01:30 [ http-nio-8080-exec-2 ] HHH10001002: Using Hibernate built-in connection pool (not for production use!)
2019-06-13 15:01:30 [ http-nio-8080-exec-2 ] HHH10001005: using driver [com.mysql.jdbc.Driver] at URL [jdbc:mysql://localhost:3306/education]
2019-06-13 15:01:30 [ http-nio-8080-exec-2 ] HHH10001001: Connection properties: {user=root, password=****}
2019-06-13 15:01:30 [ http-nio-8080-exec-2 ] HHH10001003: Autocommit mode: false
2019-06-13 15:01:30 [ http-nio-8080-exec-2 ] HHH000115: Hibernate connection pool size: 20 (min=1)
2019-06-13 15:01:30 [ http-nio-8080-exec-2 ] HHH000400: Using dialect: org.hibernate.dialect.MySQLDialect
2019-06-13 15:01:32 [ http-nio-8080-exec-2 ] HHH10001501: Connection obtained from JdbcConnectionAccess [org.hibernate.engine.jdbc.env.internal.JdbcEnvironmentInitiator$ConnectionProviderJdbcConnectionAccess@35510952] for (non-JTA) DDL execution was not in auto-commit mode; the Connection 'local transaction' will be committed and the Connection will be set into auto-commit mode.
2019-06-13 15:01:32 [ http-nio-8080-exec-2 ] HHH000397: Using ASTQueryTranslatorFactory
2019-06-13 15:20:50 [ http-nio-8080-exec-9 ] form_id:2
2019-06-13 15:20:50 [ http-nio-8080-exec-9 ] get into getTableData() method
2019-06-13 15:20:50 [ http-nio-8080-exec-9 ] the caption size:14
2019-06-13 15:20:50 [ http-nio-8080-exec-9 ] sql:select id, TJSJ, XXDM, XXMC, YWMC, BXLX, XXXZ, JBZ, ZGBM, XXWZ, ZSPC, KBBKJYNF, TBFZRXM, TBFZRLXDH, TBFZRLXDZYX from tbl_xxgk order by id
2019-06-13 15:20:50 [ http-nio-8080-exec-9 ] fields.size:14
2019-06-13 15:20:50 [ http-nio-8080-exec-9 ] j:0
2019-06-13 15:20:50 [ http-nio-8080-exec-9 ] caption key is:TJSJ
2019-06-13 15:20:50 [ http-nio-8080-exec-9 ] j:1
2019-06-13 15:20:50 [ http-nio-8080-exec-9 ] caption key is:XXDM
2019-06-13 15:20:50 [ http-nio-8080-exec-9 ] j:2
2019-06-13 15:20:50 [ http-nio-8080-exec-9 ] caption key is:XXMC
2019-06-13 15:20:50 [ http-nio-8080-exec-9 ] j:3
2019-06-13 15:20:50 [ http-nio-8080-exec-9 ] caption key is:YWMC
2019-06-13 15:20:50 [ http-nio-8080-exec-9 ] j:4
2019-06-13 15:20:50 [ http-nio-8080-exec-9 ] caption key is:BXLX
2019-06-13 15:20:50 [ http-nio-8080-exec-9 ] j:5
2019-06-13 15:20:50 [ http-nio-8080-exec-9 ] caption key is:XXXZ
2019-06-13 15:20:50 [ http-nio-8080-exec-9 ] j:6
2019-06-13 15:20:50 [ http-nio-8080-exec-9 ] caption key is:JBZ
2019-06-13 15:20:50 [ http-nio-8080-exec-9 ] j:7
2019-06-13 15:20:50 [ http-nio-8080-exec-9 ] caption key is:ZGBM
2019-06-13 15:20:50 [ http-nio-8080-exec-9 ] j:8
2019-06-13 15:20:50 [ http-nio-8080-exec-9 ] caption key is:XXWZ
2019-06-13 15:20:50 [ http-nio-8080-exec-9 ] j:9
2019-06-13 15:20:50 [ http-nio-8080-exec-9 ] caption key is:ZSPC
2019-06-13 15:20:50 [ http-nio-8080-exec-9 ] j:10
2019-06-13 15:20:50 [ http-nio-8080-exec-9 ] caption key is:KBBKJYNF
2019-06-13 15:20:50 [ http-nio-8080-exec-9 ] j:11
2019-06-13 15:20:50 [ http-nio-8080-exec-9 ] caption key is:TBFZRXM
2019-06-13 15:20:50 [ http-nio-8080-exec-9 ] j:12
2019-06-13 15:20:50 [ http-nio-8080-exec-9 ] caption key is:TBFZRLXDH
2019-06-13 15:20:50 [ http-nio-8080-exec-9 ] j:13
2019-06-13 15:20:50 [ http-nio-8080-exec-9 ] caption key is:TBFZRLXDZYX
2019-06-13 15:20:50 [ http-nio-8080-exec-9 ] fields.size:14
2019-06-13 15:20:50 [ http-nio-8080-exec-9 ] j:0
2019-06-13 15:20:50 [ http-nio-8080-exec-9 ] caption key is:TJSJ
2019-06-13 15:20:50 [ http-nio-8080-exec-9 ] j:1
2019-06-13 15:20:50 [ http-nio-8080-exec-9 ] caption key is:XXDM
2019-06-13 15:20:50 [ http-nio-8080-exec-9 ] j:2
2019-06-13 15:20:50 [ http-nio-8080-exec-9 ] caption key is:XXMC
2019-06-13 15:20:50 [ http-nio-8080-exec-9 ] j:3
2019-06-13 15:20:50 [ http-nio-8080-exec-9 ] caption key is:YWMC
2019-06-13 15:20:50 [ http-nio-8080-exec-9 ] j:4
2019-06-13 15:20:50 [ http-nio-8080-exec-9 ] caption key is:BXLX
2019-06-13 15:20:50 [ http-nio-8080-exec-9 ] j:5
2019-06-13 15:20:50 [ http-nio-8080-exec-9 ] caption key is:XXXZ
2019-06-13 15:20:50 [ http-nio-8080-exec-9 ] j:6
2019-06-13 15:20:50 [ http-nio-8080-exec-9 ] caption key is:JBZ
2019-06-13 15:20:50 [ http-nio-8080-exec-9 ] j:7
2019-06-13 15:20:50 [ http-nio-8080-exec-9 ] caption key is:ZGBM
2019-06-13 15:20:50 [ http-nio-8080-exec-9 ] j:8
2019-06-13 15:20:50 [ http-nio-8080-exec-9 ] caption key is:XXWZ
2019-06-13 15:20:50 [ http-nio-8080-exec-9 ] j:9
2019-06-13 15:20:50 [ http-nio-8080-exec-9 ] caption key is:ZSPC
2019-06-13 15:20:50 [ http-nio-8080-exec-9 ] j:10
2019-06-13 15:20:50 [ http-nio-8080-exec-9 ] caption key is:KBBKJYNF
2019-06-13 15:20:50 [ http-nio-8080-exec-9 ] j:11
2019-06-13 15:20:50 [ http-nio-8080-exec-9 ] caption key is:TBFZRXM
2019-06-13 15:20:50 [ http-nio-8080-exec-9 ] j:12
2019-06-13 15:20:50 [ http-nio-8080-exec-9 ] caption key is:TBFZRLXDH
2019-06-13 15:20:50 [ http-nio-8080-exec-9 ] j:13
2019-06-13 15:20:50 [ http-nio-8080-exec-9 ] caption key is:TBFZRLXDZYX
2019-06-13 15:20:50 [ http-nio-8080-exec-9 ] fields.size:14
2019-06-13 15:20:50 [ http-nio-8080-exec-9 ] j:0
2019-06-13 15:20:50 [ http-nio-8080-exec-9 ] caption key is:TJSJ
2019-06-13 15:20:50 [ http-nio-8080-exec-9 ] j:1
2019-06-13 15:20:50 [ http-nio-8080-exec-9 ] caption key is:XXDM
2019-06-13 15:20:50 [ http-nio-8080-exec-9 ] j:2
2019-06-13 15:20:50 [ http-nio-8080-exec-9 ] caption key is:XXMC
2019-06-13 15:20:50 [ http-nio-8080-exec-9 ] j:3
2019-06-13 15:20:50 [ http-nio-8080-exec-9 ] caption key is:YWMC
2019-06-13 15:20:50 [ http-nio-8080-exec-9 ] j:4
2019-06-13 15:20:50 [ http-nio-8080-exec-9 ] caption key is:BXLX
2019-06-13 15:20:50 [ http-nio-8080-exec-9 ] j:5
2019-06-13 15:20:50 [ http-nio-8080-exec-9 ] caption key is:XXXZ
2019-06-13 15:20:50 [ http-nio-8080-exec-9 ] j:6
2019-06-13 15:20:50 [ http-nio-8080-exec-9 ] caption key is:JBZ
2019-06-13 15:20:50 [ http-nio-8080-exec-9 ] j:7
2019-06-13 15:20:50 [ http-nio-8080-exec-9 ] caption key is:ZGBM
2019-06-13 15:20:50 [ http-nio-8080-exec-9 ] j:8
2019-06-13 15:20:50 [ http-nio-8080-exec-9 ] caption key is:XXWZ
2019-06-13 15:20:50 [ http-nio-8080-exec-9 ] j:9
2019-06-13 15:20:50 [ http-nio-8080-exec-9 ] caption key is:ZSPC
2019-06-13 15:20:50 [ http-nio-8080-exec-9 ] j:10
2019-06-13 15:20:50 [ http-nio-8080-exec-9 ] caption key is:KBBKJYNF
2019-06-13 15:20:50 [ http-nio-8080-exec-9 ] j:11
2019-06-13 15:20:50 [ http-nio-8080-exec-9 ] caption key is:TBFZRXM
2019-06-13 15:20:50 [ http-nio-8080-exec-9 ] j:12
2019-06-13 15:20:50 [ http-nio-8080-exec-9 ] caption key is:TBFZRLXDH
2019-06-13 15:20:50 [ http-nio-8080-exec-9 ] j:13
2019-06-13 15:20:50 [ http-nio-8080-exec-9 ] caption key is:TBFZRLXDZYX
2019-06-13 15:20:50 [ http-nio-8080-exec-9 ] fields.size:14
2019-06-13 15:20:50 [ http-nio-8080-exec-9 ] j:0
2019-06-13 15:20:50 [ http-nio-8080-exec-9 ] caption key is:TJSJ
2019-06-13 15:20:50 [ http-nio-8080-exec-9 ] j:1
2019-06-13 15:20:50 [ http-nio-8080-exec-9 ] caption key is:XXDM
2019-06-13 15:20:50 [ http-nio-8080-exec-9 ] j:2
2019-06-13 15:20:50 [ http-nio-8080-exec-9 ] caption key is:XXMC
2019-06-13 15:20:50 [ http-nio-8080-exec-9 ] j:3
2019-06-13 15:20:50 [ http-nio-8080-exec-9 ] caption key is:YWMC
2019-06-13 15:20:50 [ http-nio-8080-exec-9 ] j:4
2019-06-13 15:20:50 [ http-nio-8080-exec-9 ] caption key is:BXLX
2019-06-13 15:20:50 [ http-nio-8080-exec-9 ] j:5
2019-06-13 15:20:50 [ http-nio-8080-exec-9 ] caption key is:XXXZ
2019-06-13 15:20:50 [ http-nio-8080-exec-9 ] j:6
2019-06-13 15:20:50 [ http-nio-8080-exec-9 ] caption key is:JBZ
2019-06-13 15:20:50 [ http-nio-8080-exec-9 ] j:7
2019-06-13 15:20:50 [ http-nio-8080-exec-9 ] caption key is:ZGBM
2019-06-13 15:20:50 [ http-nio-8080-exec-9 ] j:8
2019-06-13 15:20:50 [ http-nio-8080-exec-9 ] caption key is:XXWZ
2019-06-13 15:20:50 [ http-nio-8080-exec-9 ] j:9
2019-06-13 15:20:50 [ http-nio-8080-exec-9 ] caption key is:ZSPC
2019-06-13 15:20:50 [ http-nio-8080-exec-9 ] j:10
2019-06-13 15:20:50 [ http-nio-8080-exec-9 ] caption key is:KBBKJYNF
2019-06-13 15:20:50 [ http-nio-8080-exec-9 ] j:11
2019-06-13 15:20:50 [ http-nio-8080-exec-9 ] caption key is:TBFZRXM
2019-06-13 15:20:50 [ http-nio-8080-exec-9 ] j:12
2019-06-13 15:20:50 [ http-nio-8080-exec-9 ] caption key is:TBFZRLXDH
2019-06-13 15:20:50 [ http-nio-8080-exec-9 ] j:13
2019-06-13 15:20:50 [ http-nio-8080-exec-9 ] caption key is:TBFZRLXDZYX
2019-06-13 15:20:50 [ http-nio-8080-exec-9 ] fields.size:14
2019-06-13 15:20:50 [ http-nio-8080-exec-9 ] j:0
2019-06-13 15:20:50 [ http-nio-8080-exec-9 ] caption key is:TJSJ
2019-06-13 15:20:50 [ http-nio-8080-exec-9 ] j:1
2019-06-13 15:20:50 [ http-nio-8080-exec-9 ] caption key is:XXDM
2019-06-13 15:20:50 [ http-nio-8080-exec-9 ] j:2
2019-06-13 15:20:50 [ http-nio-8080-exec-9 ] caption key is:XXMC
2019-06-13 15:20:50 [ http-nio-8080-exec-9 ] j:3
2019-06-13 15:20:50 [ http-nio-8080-exec-9 ] caption key is:YWMC
2019-06-13 15:20:50 [ http-nio-8080-exec-9 ] j:4
2019-06-13 15:20:50 [ http-nio-8080-exec-9 ] caption key is:BXLX
2019-06-13 15:20:50 [ http-nio-8080-exec-9 ] j:5
2019-06-13 15:20:50 [ http-nio-8080-exec-9 ] caption key is:XXXZ
2019-06-13 15:20:50 [ http-nio-8080-exec-9 ] j:6
2019-06-13 15:20:50 [ http-nio-8080-exec-9 ] caption key is:JBZ
2019-06-13 15:20:50 [ http-nio-8080-exec-9 ] j:7
2019-06-13 15:20:50 [ http-nio-8080-exec-9 ] caption key is:ZGBM
2019-06-13 15:20:50 [ http-nio-8080-exec-9 ] j:8
2019-06-13 15:20:50 [ http-nio-8080-exec-9 ] caption key is:XXWZ
2019-06-13 15:20:50 [ http-nio-8080-exec-9 ] j:9
2019-06-13 15:20:50 [ http-nio-8080-exec-9 ] caption key is:ZSPC
2019-06-13 15:20:50 [ http-nio-8080-exec-9 ] j:10
2019-06-13 15:20:50 [ http-nio-8080-exec-9 ] caption key is:KBBKJYNF
2019-06-13 15:20:50 [ http-nio-8080-exec-9 ] j:11
2019-06-13 15:20:50 [ http-nio-8080-exec-9 ] caption key is:TBFZRXM
2019-06-13 15:20:50 [ http-nio-8080-exec-9 ] j:12
2019-06-13 15:20:50 [ http-nio-8080-exec-9 ] caption key is:TBFZRLXDH
2019-06-13 15:20:50 [ http-nio-8080-exec-9 ] j:13
2019-06-13 15:20:50 [ http-nio-8080-exec-9 ] caption key is:TBFZRLXDZYX
2019-06-13 15:21:31 [ http-nio-8080-exec-5 ] form_id:2
2019-06-13 15:21:31 [ http-nio-8080-exec-5 ] get into getTableData() method
2019-06-13 15:21:31 [ http-nio-8080-exec-5 ] the caption size:14
2019-06-13 15:21:31 [ http-nio-8080-exec-5 ] sql:select id, TJSJ, XXDM, XXMC, YWMC, BXLX, XXXZ, JBZ, ZGBM, XXWZ, ZSPC, KBBKJYNF, TBFZRXM, TBFZRLXDH, TBFZRLXDZYX from tbl_xxgk order by id
2019-06-13 15:21:31 [ http-nio-8080-exec-5 ] fields.size:14
2019-06-13 15:21:31 [ http-nio-8080-exec-5 ] j:0
2019-06-13 15:21:31 [ http-nio-8080-exec-5 ] caption key is:TJSJ
2019-06-13 15:21:31 [ http-nio-8080-exec-5 ] j:1
2019-06-13 15:21:31 [ http-nio-8080-exec-5 ] caption key is:XXDM
2019-06-13 15:21:31 [ http-nio-8080-exec-5 ] j:2
2019-06-13 15:21:31 [ http-nio-8080-exec-5 ] caption key is:XXMC
2019-06-13 15:21:31 [ http-nio-8080-exec-5 ] j:3
2019-06-13 15:21:31 [ http-nio-8080-exec-5 ] caption key is:YWMC
2019-06-13 15:21:31 [ http-nio-8080-exec-5 ] j:4
2019-06-13 15:21:31 [ http-nio-8080-exec-5 ] caption key is:BXLX
2019-06-13 15:21:31 [ http-nio-8080-exec-5 ] j:5
2019-06-13 15:21:31 [ http-nio-8080-exec-5 ] caption key is:XXXZ
2019-06-13 15:21:31 [ http-nio-8080-exec-5 ] j:6
2019-06-13 15:21:31 [ http-nio-8080-exec-5 ] caption key is:JBZ
2019-06-13 15:21:31 [ http-nio-8080-exec-5 ] j:7
2019-06-13 15:21:31 [ http-nio-8080-exec-5 ] caption key is:ZGBM
2019-06-13 15:21:31 [ http-nio-8080-exec-5 ] j:8
2019-06-13 15:21:31 [ http-nio-8080-exec-5 ] caption key is:XXWZ
2019-06-13 15:21:31 [ http-nio-8080-exec-5 ] j:9
2019-06-13 15:21:31 [ http-nio-8080-exec-5 ] caption key is:ZSPC
2019-06-13 15:21:31 [ http-nio-8080-exec-5 ] j:10
2019-06-13 15:21:31 [ http-nio-8080-exec-5 ] caption key is:KBBKJYNF
2019-06-13 15:21:31 [ http-nio-8080-exec-5 ] j:11
2019-06-13 15:21:31 [ http-nio-8080-exec-5 ] caption key is:TBFZRXM
2019-06-13 15:21:31 [ http-nio-8080-exec-5 ] j:12
2019-06-13 15:21:31 [ http-nio-8080-exec-5 ] caption key is:TBFZRLXDH
2019-06-13 15:21:31 [ http-nio-8080-exec-5 ] j:13
2019-06-13 15:21:31 [ http-nio-8080-exec-5 ] caption key is:TBFZRLXDZYX
2019-06-13 15:21:31 [ http-nio-8080-exec-5 ] fields.size:14
2019-06-13 15:21:31 [ http-nio-8080-exec-5 ] j:0
2019-06-13 15:21:31 [ http-nio-8080-exec-5 ] caption key is:TJSJ
2019-06-13 15:21:31 [ http-nio-8080-exec-5 ] j:1
2019-06-13 15:21:31 [ http-nio-8080-exec-5 ] caption key is:XXDM
2019-06-13 15:21:31 [ http-nio-8080-exec-5 ] j:2
2019-06-13 15:21:31 [ http-nio-8080-exec-5 ] caption key is:XXMC
2019-06-13 15:21:31 [ http-nio-8080-exec-5 ] j:3
2019-06-13 15:21:31 [ http-nio-8080-exec-5 ] caption key is:YWMC
2019-06-13 15:21:31 [ http-nio-8080-exec-5 ] j:4
2019-06-13 15:21:31 [ http-nio-8080-exec-5 ] caption key is:BXLX
2019-06-13 15:21:31 [ http-nio-8080-exec-5 ] j:5
2019-06-13 15:21:31 [ http-nio-8080-exec-5 ] caption key is:XXXZ
2019-06-13 15:21:31 [ http-nio-8080-exec-5 ] j:6
2019-06-13 15:21:31 [ http-nio-8080-exec-5 ] caption key is:JBZ
2019-06-13 15:21:31 [ http-nio-8080-exec-5 ] j:7
2019-06-13 15:21:31 [ http-nio-8080-exec-5 ] caption key is:ZGBM
2019-06-13 15:21:31 [ http-nio-8080-exec-5 ] j:8
2019-06-13 15:21:31 [ http-nio-8080-exec-5 ] caption key is:XXWZ
2019-06-13 15:21:31 [ http-nio-8080-exec-5 ] j:9
2019-06-13 15:21:31 [ http-nio-8080-exec-5 ] caption key is:ZSPC
2019-06-13 15:21:31 [ http-nio-8080-exec-5 ] j:10
2019-06-13 15:21:31 [ http-nio-8080-exec-5 ] caption key is:KBBKJYNF
2019-06-13 15:21:31 [ http-nio-8080-exec-5 ] j:11
2019-06-13 15:21:31 [ http-nio-8080-exec-5 ] caption key is:TBFZRXM
2019-06-13 15:21:31 [ http-nio-8080-exec-5 ] j:12
2019-06-13 15:21:31 [ http-nio-8080-exec-5 ] caption key is:TBFZRLXDH
2019-06-13 15:21:31 [ http-nio-8080-exec-5 ] j:13
2019-06-13 15:21:31 [ http-nio-8080-exec-5 ] caption key is:TBFZRLXDZYX
2019-06-13 15:21:31 [ http-nio-8080-exec-5 ] fields.size:14
2019-06-13 15:21:31 [ http-nio-8080-exec-5 ] j:0
2019-06-13 15:21:31 [ http-nio-8080-exec-5 ] caption key is:TJSJ
2019-06-13 15:21:31 [ http-nio-8080-exec-5 ] j:1
2019-06-13 15:21:31 [ http-nio-8080-exec-5 ] caption key is:XXDM
2019-06-13 15:21:31 [ http-nio-8080-exec-5 ] j:2
2019-06-13 15:21:31 [ http-nio-8080-exec-5 ] caption key is:XXMC
2019-06-13 15:21:31 [ http-nio-8080-exec-5 ] j:3
2019-06-13 15:21:31 [ http-nio-8080-exec-5 ] caption key is:YWMC
2019-06-13 15:21:31 [ http-nio-8080-exec-5 ] j:4
2019-06-13 15:21:31 [ http-nio-8080-exec-5 ] caption key is:BXLX
2019-06-13 15:21:31 [ http-nio-8080-exec-5 ] j:5
2019-06-13 15:21:31 [ http-nio-8080-exec-5 ] caption key is:XXXZ
2019-06-13 15:21:31 [ http-nio-8080-exec-5 ] j:6
2019-06-13 15:21:31 [ http-nio-8080-exec-5 ] caption key is:JBZ
2019-06-13 15:21:31 [ http-nio-8080-exec-5 ] j:7
2019-06-13 15:21:31 [ http-nio-8080-exec-5 ] caption key is:ZGBM
2019-06-13 15:21:31 [ http-nio-8080-exec-5 ] j:8
2019-06-13 15:21:31 [ http-nio-8080-exec-5 ] caption key is:XXWZ
2019-06-13 15:21:31 [ http-nio-8080-exec-5 ] j:9
2019-06-13 15:21:31 [ http-nio-8080-exec-5 ] caption key is:ZSPC
2019-06-13 15:21:31 [ http-nio-8080-exec-5 ] j:10
2019-06-13 15:21:31 [ http-nio-8080-exec-5 ] caption key is:KBBKJYNF
2019-06-13 15:21:31 [ http-nio-8080-exec-5 ] j:11
2019-06-13 15:21:31 [ http-nio-8080-exec-5 ] caption key is:TBFZRXM
2019-06-13 15:21:31 [ http-nio-8080-exec-5 ] j:12
2019-06-13 15:21:31 [ http-nio-8080-exec-5 ] caption key is:TBFZRLXDH
2019-06-13 15:21:31 [ http-nio-8080-exec-5 ] j:13
2019-06-13 15:21:31 [ http-nio-8080-exec-5 ] caption key is:TBFZRLXDZYX
2019-06-13 15:21:31 [ http-nio-8080-exec-5 ] fields.size:14
2019-06-13 15:21:31 [ http-nio-8080-exec-5 ] j:0
2019-06-13 15:21:31 [ http-nio-8080-exec-5 ] caption key is:TJSJ
2019-06-13 15:21:31 [ http-nio-8080-exec-5 ] j:1
2019-06-13 15:21:31 [ http-nio-8080-exec-5 ] caption key is:XXDM
2019-06-13 15:21:31 [ http-nio-8080-exec-5 ] j:2
2019-06-13 15:21:31 [ http-nio-8080-exec-5 ] caption key is:XXMC
2019-06-13 15:21:31 [ http-nio-8080-exec-5 ] j:3
2019-06-13 15:21:31 [ http-nio-8080-exec-5 ] caption key is:YWMC
2019-06-13 15:21:31 [ http-nio-8080-exec-5 ] j:4
2019-06-13 15:21:31 [ http-nio-8080-exec-5 ] caption key is:BXLX
2019-06-13 15:21:31 [ http-nio-8080-exec-5 ] j:5
2019-06-13 15:21:31 [ http-nio-8080-exec-5 ] caption key is:XXXZ
2019-06-13 15:21:31 [ http-nio-8080-exec-5 ] j:6
2019-06-13 15:21:31 [ http-nio-8080-exec-5 ] caption key is:JBZ
2019-06-13 15:21:31 [ http-nio-8080-exec-5 ] j:7
2019-06-13 15:21:31 [ http-nio-8080-exec-5 ] caption key is:ZGBM
2019-06-13 15:21:31 [ http-nio-8080-exec-5 ] j:8
2019-06-13 15:21:31 [ http-nio-8080-exec-5 ] caption key is:XXWZ
2019-06-13 15:21:31 [ http-nio-8080-exec-5 ] j:9
2019-06-13 15:21:31 [ http-nio-8080-exec-5 ] caption key is:ZSPC
2019-06-13 15:21:31 [ http-nio-8080-exec-5 ] j:10
2019-06-13 15:21:31 [ http-nio-8080-exec-5 ] caption key is:KBBKJYNF
2019-06-13 15:21:31 [ http-nio-8080-exec-5 ] j:11
2019-06-13 15:21:31 [ http-nio-8080-exec-5 ] caption key is:TBFZRXM
2019-06-13 15:21:31 [ http-nio-8080-exec-5 ] j:12
2019-06-13 15:21:31 [ http-nio-8080-exec-5 ] caption key is:TBFZRLXDH
2019-06-13 15:21:31 [ http-nio-8080-exec-5 ] j:13
2019-06-13 15:21:31 [ http-nio-8080-exec-5 ] caption key is:TBFZRLXDZYX
2019-06-13 15:21:31 [ http-nio-8080-exec-5 ] fields.size:14
2019-06-13 15:21:31 [ http-nio-8080-exec-5 ] j:0
2019-06-13 15:21:31 [ http-nio-8080-exec-5 ] caption key is:TJSJ
2019-06-13 15:21:31 [ http-nio-8080-exec-5 ] j:1
2019-06-13 15:21:31 [ http-nio-8080-exec-5 ] caption key is:XXDM
2019-06-13 15:21:31 [ http-nio-8080-exec-5 ] j:2
2019-06-13 15:21:31 [ http-nio-8080-exec-5 ] caption key is:XXMC
2019-06-13 15:21:31 [ http-nio-8080-exec-5 ] j:3
2019-06-13 15:21:31 [ http-nio-8080-exec-5 ] caption key is:YWMC
2019-06-13 15:21:31 [ http-nio-8080-exec-5 ] j:4
2019-06-13 15:21:31 [ http-nio-8080-exec-5 ] caption key is:BXLX
2019-06-13 15:21:31 [ http-nio-8080-exec-5 ] j:5
2019-06-13 15:21:31 [ http-nio-8080-exec-5 ] caption key is:XXXZ
2019-06-13 15:21:31 [ http-nio-8080-exec-5 ] j:6
2019-06-13 15:21:31 [ http-nio-8080-exec-5 ] caption key is:JBZ
2019-06-13 15:21:31 [ http-nio-8080-exec-5 ] j:7
2019-06-13 15:21:31 [ http-nio-8080-exec-5 ] caption key is:ZGBM
2019-06-13 15:21:31 [ http-nio-8080-exec-5 ] j:8
2019-06-13 15:21:31 [ http-nio-8080-exec-5 ] caption key is:XXWZ
2019-06-13 15:21:31 [ http-nio-8080-exec-5 ] j:9
2019-06-13 15:21:31 [ http-nio-8080-exec-5 ] caption key is:ZSPC
2019-06-13 15:21:31 [ http-nio-8080-exec-5 ] j:10
2019-06-13 15:21:31 [ http-nio-8080-exec-5 ] caption key is:KBBKJYNF
2019-06-13 15:21:31 [ http-nio-8080-exec-5 ] j:11
2019-06-13 15:21:31 [ http-nio-8080-exec-5 ] caption key is:TBFZRXM
2019-06-13 15:21:31 [ http-nio-8080-exec-5 ] j:12
2019-06-13 15:21:31 [ http-nio-8080-exec-5 ] caption key is:TBFZRLXDH
2019-06-13 15:21:31 [ http-nio-8080-exec-5 ] j:13
2019-06-13 15:21:31 [ http-nio-8080-exec-5 ] caption key is:TBFZRLXDZYX
2019-06-13 15:21:38 [ http-nio-8080-exec-9 ] form_id:3
2019-06-13 15:21:38 [ http-nio-8080-exec-9 ] get into getTableData() method
2019-06-13 15:21:38 [ http-nio-8080-exec-9 ] the caption size:6
2019-06-13 15:21:38 [ http-nio-8080-exec-9 ] sql:select id, TJSJ, XQMC, SSZZQ, SQZ, DZ, SFBDXQ from tbl_xqdz order by id
2019-06-13 15:21:38 [ http-nio-8080-exec-9 ] fields.size:6
2019-06-13 15:21:38 [ http-nio-8080-exec-9 ] j:0
2019-06-13 15:21:38 [ http-nio-8080-exec-9 ] caption key is:TJSJ
2019-06-13 15:21:38 [ http-nio-8080-exec-9 ] j:1
2019-06-13 15:21:38 [ http-nio-8080-exec-9 ] caption key is:XQMC
2019-06-13 15:21:38 [ http-nio-8080-exec-9 ] j:2
2019-06-13 15:21:38 [ http-nio-8080-exec-9 ] caption key is:SSZZQ
2019-06-13 15:21:38 [ http-nio-8080-exec-9 ] j:3
2019-06-13 15:21:38 [ http-nio-8080-exec-9 ] caption key is:SQZ
2019-06-13 15:21:38 [ http-nio-8080-exec-9 ] j:4
2019-06-13 15:21:38 [ http-nio-8080-exec-9 ] caption key is:DZ
2019-06-13 15:21:38 [ http-nio-8080-exec-9 ] j:5
2019-06-13 15:21:38 [ http-nio-8080-exec-9 ] caption key is:SFBDXQ
2019-06-13 15:21:38 [ http-nio-8080-exec-9 ] fields.size:6
2019-06-13 15:21:38 [ http-nio-8080-exec-9 ] j:0
2019-06-13 15:21:38 [ http-nio-8080-exec-9 ] caption key is:TJSJ
2019-06-13 15:21:38 [ http-nio-8080-exec-9 ] j:1
2019-06-13 15:21:38 [ http-nio-8080-exec-9 ] caption key is:XQMC
2019-06-13 15:21:38 [ http-nio-8080-exec-9 ] j:2
2019-06-13 15:21:38 [ http-nio-8080-exec-9 ] caption key is:SSZZQ
2019-06-13 15:21:38 [ http-nio-8080-exec-9 ] j:3
2019-06-13 15:21:38 [ http-nio-8080-exec-9 ] caption key is:SQZ
2019-06-13 15:21:38 [ http-nio-8080-exec-9 ] j:4
2019-06-13 15:21:38 [ http-nio-8080-exec-9 ] caption key is:DZ
2019-06-13 15:21:38 [ http-nio-8080-exec-9 ] j:5
2019-06-13 15:21:38 [ http-nio-8080-exec-9 ] caption key is:SFBDXQ
2019-06-13 15:23:14 [ http-nio-8080-exec-7 ] form_id:3
2019-06-13 15:23:14 [ http-nio-8080-exec-7 ] get into getTableData() method
2019-06-13 15:23:14 [ http-nio-8080-exec-7 ] the caption size:6
2019-06-13 15:23:14 [ http-nio-8080-exec-7 ] sql:select id, TJSJ, XQMC, SSZZQ, SQZ, DZ, SFBDXQ from tbl_xqdz order by id
2019-06-13 15:23:14 [ http-nio-8080-exec-7 ] fields.size:6
2019-06-13 15:23:14 [ http-nio-8080-exec-7 ] j:0
2019-06-13 15:23:14 [ http-nio-8080-exec-7 ] caption key is:TJSJ
2019-06-13 15:23:14 [ http-nio-8080-exec-7 ] j:1
2019-06-13 15:23:14 [ http-nio-8080-exec-7 ] caption key is:XQMC
2019-06-13 15:23:14 [ http-nio-8080-exec-7 ] j:2
2019-06-13 15:23:14 [ http-nio-8080-exec-7 ] caption key is:SSZZQ
2019-06-13 15:23:14 [ http-nio-8080-exec-7 ] j:3
2019-06-13 15:23:14 [ http-nio-8080-exec-7 ] caption key is:SQZ
2019-06-13 15:23:14 [ http-nio-8080-exec-7 ] j:4
2019-06-13 15:23:14 [ http-nio-8080-exec-7 ] caption key is:DZ
2019-06-13 15:23:14 [ http-nio-8080-exec-7 ] j:5
2019-06-13 15:23:14 [ http-nio-8080-exec-7 ] caption key is:SFBDXQ
2019-06-13 15:23:14 [ http-nio-8080-exec-7 ] fields.size:6
2019-06-13 15:23:14 [ http-nio-8080-exec-7 ] j:0
2019-06-13 15:23:14 [ http-nio-8080-exec-7 ] caption key is:TJSJ
2019-06-13 15:23:14 [ http-nio-8080-exec-7 ] j:1
2019-06-13 15:23:14 [ http-nio-8080-exec-7 ] caption key is:XQMC
2019-06-13 15:23:14 [ http-nio-8080-exec-7 ] j:2
2019-06-13 15:23:14 [ http-nio-8080-exec-7 ] caption key is:SSZZQ
2019-06-13 15:23:14 [ http-nio-8080-exec-7 ] j:3
2019-06-13 15:23:14 [ http-nio-8080-exec-7 ] caption key is:SQZ
2019-06-13 15:23:14 [ http-nio-8080-exec-7 ] j:4
2019-06-13 15:23:14 [ http-nio-8080-exec-7 ] caption key is:DZ
2019-06-13 15:23:14 [ http-nio-8080-exec-7 ] j:5
2019-06-13 15:23:14 [ http-nio-8080-exec-7 ] caption key is:SFBDXQ
2019-06-13 15:23:41 [ http-nio-8080-exec-4 ] form_id:2
2019-06-13 15:23:41 [ http-nio-8080-exec-4 ] get into getTableData() method
2019-06-13 15:23:41 [ http-nio-8080-exec-4 ] the caption size:14
2019-06-13 15:23:41 [ http-nio-8080-exec-4 ] sql:select id, TJSJ, XXDM, XXMC, YWMC, BXLX, XXXZ, JBZ, ZGBM, XXWZ, ZSPC, KBBKJYNF, TBFZRXM, TBFZRLXDH, TBFZRLXDZYX from tbl_xxgk order by id
2019-06-13 15:23:41 [ http-nio-8080-exec-4 ] fields.size:14
2019-06-13 15:23:41 [ http-nio-8080-exec-4 ] j:0
2019-06-13 15:23:41 [ http-nio-8080-exec-4 ] caption key is:TJSJ
2019-06-13 15:23:41 [ http-nio-8080-exec-4 ] j:1
2019-06-13 15:23:41 [ http-nio-8080-exec-4 ] caption key is:XXDM
2019-06-13 15:23:41 [ http-nio-8080-exec-4 ] j:2
2019-06-13 15:23:41 [ http-nio-8080-exec-4 ] caption key is:XXMC
2019-06-13 15:23:41 [ http-nio-8080-exec-4 ] j:3
2019-06-13 15:23:41 [ http-nio-8080-exec-4 ] caption key is:YWMC
2019-06-13 15:23:41 [ http-nio-8080-exec-4 ] j:4
2019-06-13 15:23:41 [ http-nio-8080-exec-4 ] caption key is:BXLX
2019-06-13 15:23:41 [ http-nio-8080-exec-4 ] j:5
2019-06-13 15:23:41 [ http-nio-8080-exec-4 ] caption key is:XXXZ
2019-06-13 15:23:41 [ http-nio-8080-exec-4 ] j:6
2019-06-13 15:23:41 [ http-nio-8080-exec-4 ] caption key is:JBZ
2019-06-13 15:23:41 [ http-nio-8080-exec-4 ] j:7
2019-06-13 15:23:41 [ http-nio-8080-exec-4 ] caption key is:ZGBM
2019-06-13 15:23:41 [ http-nio-8080-exec-4 ] j:8
2019-06-13 15:23:41 [ http-nio-8080-exec-4 ] caption key is:XXWZ
2019-06-13 15:23:41 [ http-nio-8080-exec-4 ] j:9
2019-06-13 15:23:41 [ http-nio-8080-exec-4 ] caption key is:ZSPC
2019-06-13 15:23:41 [ http-nio-8080-exec-4 ] j:10
2019-06-13 15:23:41 [ http-nio-8080-exec-4 ] caption key is:KBBKJYNF
2019-06-13 15:23:41 [ http-nio-8080-exec-4 ] j:11
2019-06-13 15:23:41 [ http-nio-8080-exec-4 ] caption key is:TBFZRXM
2019-06-13 15:23:41 [ http-nio-8080-exec-4 ] j:12
2019-06-13 15:23:41 [ http-nio-8080-exec-4 ] caption key is:TBFZRLXDH
2019-06-13 15:23:41 [ http-nio-8080-exec-4 ] j:13
2019-06-13 15:23:41 [ http-nio-8080-exec-4 ] caption key is:TBFZRLXDZYX
2019-06-13 15:23:41 [ http-nio-8080-exec-4 ] fields.size:14
2019-06-13 15:23:41 [ http-nio-8080-exec-4 ] j:0
2019-06-13 15:23:41 [ http-nio-8080-exec-4 ] caption key is:TJSJ
2019-06-13 15:23:41 [ http-nio-8080-exec-4 ] j:1
2019-06-13 15:23:41 [ http-nio-8080-exec-4 ] caption key is:XXDM
2019-06-13 15:23:41 [ http-nio-8080-exec-4 ] j:2
2019-06-13 15:23:41 [ http-nio-8080-exec-4 ] caption key is:XXMC
2019-06-13 15:23:41 [ http-nio-8080-exec-4 ] j:3
2019-06-13 15:23:41 [ http-nio-8080-exec-4 ] caption key is:YWMC
2019-06-13 15:23:41 [ http-nio-8080-exec-4 ] j:4
2019-06-13 15:23:41 [ http-nio-8080-exec-4 ] caption key is:BXLX
2019-06-13 15:23:41 [ http-nio-8080-exec-4 ] j:5
2019-06-13 15:23:41 [ http-nio-8080-exec-4 ] caption key is:XXXZ
2019-06-13 15:23:41 [ http-nio-8080-exec-4 ] j:6
2019-06-13 15:23:41 [ http-nio-8080-exec-4 ] caption key is:JBZ
2019-06-13 15:23:41 [ http-nio-8080-exec-4 ] j:7
2019-06-13 15:23:41 [ http-nio-8080-exec-4 ] caption key is:ZGBM
2019-06-13 15:23:41 [ http-nio-8080-exec-4 ] j:8
2019-06-13 15:23:41 [ http-nio-8080-exec-4 ] caption key is:XXWZ
2019-06-13 15:23:41 [ http-nio-8080-exec-4 ] j:9
2019-06-13 15:23:41 [ http-nio-8080-exec-4 ] caption key is:ZSPC
2019-06-13 15:23:41 [ http-nio-8080-exec-4 ] j:10
2019-06-13 15:23:41 [ http-nio-8080-exec-4 ] caption key is:KBBKJYNF
2019-06-13 15:23:41 [ http-nio-8080-exec-4 ] j:11
2019-06-13 15:23:41 [ http-nio-8080-exec-4 ] caption key is:TBFZRXM
2019-06-13 15:23:41 [ http-nio-8080-exec-4 ] j:12
2019-06-13 15:23:41 [ http-nio-8080-exec-4 ] caption key is:TBFZRLXDH
2019-06-13 15:23:41 [ http-nio-8080-exec-4 ] j:13
2019-06-13 15:23:41 [ http-nio-8080-exec-4 ] caption key is:TBFZRLXDZYX
2019-06-13 15:23:41 [ http-nio-8080-exec-4 ] fields.size:14
2019-06-13 15:23:41 [ http-nio-8080-exec-4 ] j:0
2019-06-13 15:23:41 [ http-nio-8080-exec-4 ] caption key is:TJSJ
2019-06-13 15:23:41 [ http-nio-8080-exec-4 ] j:1
2019-06-13 15:23:41 [ http-nio-8080-exec-4 ] caption key is:XXDM
2019-06-13 15:23:41 [ http-nio-8080-exec-4 ] j:2
2019-06-13 15:23:41 [ http-nio-8080-exec-4 ] caption key is:XXMC
2019-06-13 15:23:41 [ http-nio-8080-exec-4 ] j:3
2019-06-13 15:23:41 [ http-nio-8080-exec-4 ] caption key is:YWMC
2019-06-13 15:23:41 [ http-nio-8080-exec-4 ] j:4
2019-06-13 15:23:41 [ http-nio-8080-exec-4 ] caption key is:BXLX
2019-06-13 15:23:41 [ http-nio-8080-exec-4 ] j:5
2019-06-13 15:23:41 [ http-nio-8080-exec-4 ] caption key is:XXXZ
2019-06-13 15:23:41 [ http-nio-8080-exec-4 ] j:6
2019-06-13 15:23:41 [ http-nio-8080-exec-4 ] caption key is:JBZ
2019-06-13 15:23:41 [ http-nio-8080-exec-4 ] j:7
2019-06-13 15:23:41 [ http-nio-8080-exec-4 ] caption key is:ZGBM
2019-06-13 15:23:41 [ http-nio-8080-exec-4 ] j:8
2019-06-13 15:23:41 [ http-nio-8080-exec-4 ] caption key is:XXWZ
2019-06-13 15:23:41 [ http-nio-8080-exec-4 ] j:9
2019-06-13 15:23:41 [ http-nio-8080-exec-4 ] caption key is:ZSPC
2019-06-13 15:23:41 [ http-nio-8080-exec-4 ] j:10
2019-06-13 15:23:41 [ http-nio-8080-exec-4 ] caption key is:KBBKJYNF
2019-06-13 15:23:41 [ http-nio-8080-exec-4 ] j:11
2019-06-13 15:23:41 [ http-nio-8080-exec-4 ] caption key is:TBFZRXM
2019-06-13 15:23:41 [ http-nio-8080-exec-4 ] j:12
2019-06-13 15:23:41 [ http-nio-8080-exec-4 ] caption key is:TBFZRLXDH
2019-06-13 15:23:41 [ http-nio-8080-exec-4 ] j:13
2019-06-13 15:23:41 [ http-nio-8080-exec-4 ] caption key is:TBFZRLXDZYX
2019-06-13 15:23:41 [ http-nio-8080-exec-4 ] fields.size:14
2019-06-13 15:23:41 [ http-nio-8080-exec-4 ] j:0
2019-06-13 15:23:41 [ http-nio-8080-exec-4 ] caption key is:TJSJ
2019-06-13 15:23:41 [ http-nio-8080-exec-4 ] j:1
2019-06-13 15:23:41 [ http-nio-8080-exec-4 ] caption key is:XXDM
2019-06-13 15:23:41 [ http-nio-8080-exec-4 ] j:2
2019-06-13 15:23:41 [ http-nio-8080-exec-4 ] caption key is:XXMC
2019-06-13 15:23:41 [ http-nio-8080-exec-4 ] j:3
2019-06-13 15:23:41 [ http-nio-8080-exec-4 ] caption key is:YWMC
2019-06-13 15:23:41 [ http-nio-8080-exec-4 ] j:4
2019-06-13 15:23:41 [ http-nio-8080-exec-4 ] caption key is:BXLX
2019-06-13 15:23:41 [ http-nio-8080-exec-4 ] j:5
2019-06-13 15:23:41 [ http-nio-8080-exec-4 ] caption key is:XXXZ
2019-06-13 15:23:41 [ http-nio-8080-exec-4 ] j:6
2019-06-13 15:23:41 [ http-nio-8080-exec-4 ] caption key is:JBZ
2019-06-13 15:23:41 [ http-nio-8080-exec-4 ] j:7
2019-06-13 15:23:41 [ http-nio-8080-exec-4 ] caption key is:ZGBM
2019-06-13 15:23:41 [ http-nio-8080-exec-4 ] j:8
2019-06-13 15:23:41 [ http-nio-8080-exec-4 ] caption key is:XXWZ
2019-06-13 15:23:41 [ http-nio-8080-exec-4 ] j:9
2019-06-13 15:23:41 [ http-nio-8080-exec-4 ] caption key is:ZSPC
2019-06-13 15:23:41 [ http-nio-8080-exec-4 ] j:10
2019-06-13 15:23:41 [ http-nio-8080-exec-4 ] caption key is:KBBKJYNF
2019-06-13 15:23:41 [ http-nio-8080-exec-4 ] j:11
2019-06-13 15:23:41 [ http-nio-8080-exec-4 ] caption key is:TBFZRXM
2019-06-13 15:23:41 [ http-nio-8080-exec-4 ] j:12
2019-06-13 15:23:41 [ http-nio-8080-exec-4 ] caption key is:TBFZRLXDH
2019-06-13 15:23:41 [ http-nio-8080-exec-4 ] j:13
2019-06-13 15:23:41 [ http-nio-8080-exec-4 ] caption key is:TBFZRLXDZYX
2019-06-13 15:23:41 [ http-nio-8080-exec-4 ] fields.size:14
2019-06-13 15:23:41 [ http-nio-8080-exec-4 ] j:0
2019-06-13 15:23:41 [ http-nio-8080-exec-4 ] caption key is:TJSJ
2019-06-13 15:23:41 [ http-nio-8080-exec-4 ] j:1
2019-06-13 15:23:41 [ http-nio-8080-exec-4 ] caption key is:XXDM
2019-06-13 15:23:41 [ http-nio-8080-exec-4 ] j:2
2019-06-13 15:23:41 [ http-nio-8080-exec-4 ] caption key is:XXMC
2019-06-13 15:23:41 [ http-nio-8080-exec-4 ] j:3
2019-06-13 15:23:41 [ http-nio-8080-exec-4 ] caption key is:YWMC
2019-06-13 15:23:41 [ http-nio-8080-exec-4 ] j:4
2019-06-13 15:23:41 [ http-nio-8080-exec-4 ] caption key is:BXLX
2019-06-13 15:23:41 [ http-nio-8080-exec-4 ] j:5
2019-06-13 15:23:41 [ http-nio-8080-exec-4 ] caption key is:XXXZ
2019-06-13 15:23:41 [ http-nio-8080-exec-4 ] j:6
2019-06-13 15:23:41 [ http-nio-8080-exec-4 ] caption key is:JBZ
2019-06-13 15:23:41 [ http-nio-8080-exec-4 ] j:7
2019-06-13 15:23:41 [ http-nio-8080-exec-4 ] caption key is:ZGBM
2019-06-13 15:23:41 [ http-nio-8080-exec-4 ] j:8
2019-06-13 15:23:41 [ http-nio-8080-exec-4 ] caption key is:XXWZ
2019-06-13 15:23:41 [ http-nio-8080-exec-4 ] j:9
2019-06-13 15:23:41 [ http-nio-8080-exec-4 ] caption key is:ZSPC
2019-06-13 15:23:41 [ http-nio-8080-exec-4 ] j:10
2019-06-13 15:23:41 [ http-nio-8080-exec-4 ] caption key is:KBBKJYNF
2019-06-13 15:23:41 [ http-nio-8080-exec-4 ] j:11
2019-06-13 15:23:41 [ http-nio-8080-exec-4 ] caption key is:TBFZRXM
2019-06-13 15:23:41 [ http-nio-8080-exec-4 ] j:12
2019-06-13 15:23:41 [ http-nio-8080-exec-4 ] caption key is:TBFZRLXDH
2019-06-13 15:23:41 [ http-nio-8080-exec-4 ] j:13
2019-06-13 15:23:41 [ http-nio-8080-exec-4 ] caption key is:TBFZRLXDZYX
2019-06-13 16:45:28 [ main ] HHH000412: Hibernate Core {5.2.17.Final}
2019-06-13 16:45:28 [ main ] HHH000206: hibernate.properties not found
2019-06-13 16:45:29 [ main ] HCANN000001: Hibernate Commons Annotations {5.0.1.Final}
2019-06-13 16:45:29 [ main ] HHH90000012: Recognized obsolete hibernate namespace http://hibernate.sourceforge.net/hibernate-mapping. Use namespace http://www.hibernate.org/dtd/hibernate-mapping instead.  Support for obsolete DTD/XSD namespaces may be removed at any time.
2019-06-13 16:45:30 [ main ] HHH10001002: Using Hibernate built-in connection pool (not for production use!)
2019-06-13 16:45:30 [ main ] HHH10001005: using driver [com.mysql.jdbc.Driver] at URL [jdbc:mysql://localhost:3306/education]
2019-06-13 16:45:30 [ main ] HHH10001001: Connection properties: {user=root, password=****}
2019-06-13 16:45:30 [ main ] HHH10001003: Autocommit mode: false
2019-06-13 16:45:30 [ main ] HHH000115: Hibernate connection pool size: 20 (min=1)
2019-06-13 16:45:30 [ main ] HHH000400: Using dialect: org.hibernate.dialect.MySQLDialect
2019-06-13 16:45:31 [ main ] HHH10001008: Cleaning up connection pool [jdbc:mysql://localhost:3306/education]
2019-06-13 16:46:59 [ main ] HHH000412: Hibernate Core {5.2.17.Final}
2019-06-13 16:46:59 [ main ] HHH000206: hibernate.properties not found
2019-06-13 16:46:59 [ main ] HCANN000001: Hibernate Commons Annotations {5.0.1.Final}
2019-06-13 16:46:59 [ main ] HHH90000012: Recognized obsolete hibernate namespace http://hibernate.sourceforge.net/hibernate-mapping. Use namespace http://www.hibernate.org/dtd/hibernate-mapping instead.  Support for obsolete DTD/XSD namespaces may be removed at any time.
2019-06-13 16:47:00 [ main ] HHH10001002: Using Hibernate built-in connection pool (not for production use!)
2019-06-13 16:47:00 [ main ] HHH10001005: using driver [com.mysql.jdbc.Driver] at URL [jdbc:mysql://localhost:3306/education]
2019-06-13 16:47:00 [ main ] HHH10001001: Connection properties: {user=root, password=****}
2019-06-13 16:47:00 [ main ] HHH10001003: Autocommit mode: false
2019-06-13 16:47:00 [ main ] HHH000115: Hibernate connection pool size: 20 (min=1)
2019-06-13 16:47:01 [ main ] HHH000400: Using dialect: org.hibernate.dialect.MySQLDialect
2019-06-13 16:47:01 [ main ] HHH10001008: Cleaning up connection pool [jdbc:mysql://localhost:3306/education]
2019-06-13 16:51:41 [ main ] HHH000412: Hibernate Core {5.2.17.Final}
2019-06-13 16:51:41 [ main ] HHH000206: hibernate.properties not found
2019-06-13 16:51:41 [ main ] HCANN000001: Hibernate Commons Annotations {5.0.1.Final}
2019-06-13 16:51:41 [ main ] HHH90000012: Recognized obsolete hibernate namespace http://hibernate.sourceforge.net/hibernate-mapping. Use namespace http://www.hibernate.org/dtd/hibernate-mapping instead.  Support for obsolete DTD/XSD namespaces may be removed at any time.
2019-06-13 16:51:43 [ main ] HHH10001002: Using Hibernate built-in connection pool (not for production use!)
2019-06-13 16:51:43 [ main ] HHH10001005: using driver [com.mysql.jdbc.Driver] at URL [jdbc:mysql://localhost:3306/education]
2019-06-13 16:51:43 [ main ] HHH10001001: Connection properties: {user=root, password=****}
2019-06-13 16:51:43 [ main ] HHH10001003: Autocommit mode: false
2019-06-13 16:51:43 [ main ] HHH000115: Hibernate connection pool size: 20 (min=1)
2019-06-13 16:51:43 [ main ] HHH000400: Using dialect: org.hibernate.dialect.MySQLDialect
2019-06-13 16:51:44 [ main ] HHH10001501: Connection obtained from JdbcConnectionAccess [org.hibernate.engine.jdbc.env.internal.JdbcEnvironmentInitiator$ConnectionProviderJdbcConnectionAccess@41c07648] for (non-JTA) DDL execution was not in auto-commit mode; the Connection 'local transaction' will be committed and the Connection will be set into auto-commit mode.
2019-06-13 16:51:44 [ main ] HHH000397: Using ASTQueryTranslatorFactory
2019-06-13 16:56:15 [ main ] HHH000412: Hibernate Core {5.2.17.Final}
2019-06-13 16:56:15 [ main ] HHH000206: hibernate.properties not found
2019-06-13 16:56:16 [ main ] HCANN000001: Hibernate Commons Annotations {5.0.1.Final}
2019-06-13 16:56:16 [ main ] HHH90000012: Recognized obsolete hibernate namespace http://hibernate.sourceforge.net/hibernate-mapping. Use namespace http://www.hibernate.org/dtd/hibernate-mapping instead.  Support for obsolete DTD/XSD namespaces may be removed at any time.
2019-06-13 16:56:17 [ main ] HHH10001002: Using Hibernate built-in connection pool (not for production use!)
2019-06-13 16:56:17 [ main ] HHH10001005: using driver [com.mysql.jdbc.Driver] at URL [jdbc:mysql://localhost:3306/education]
2019-06-13 16:56:17 [ main ] HHH10001001: Connection properties: {user=root, password=****}
2019-06-13 16:56:17 [ main ] HHH10001003: Autocommit mode: false
2019-06-13 16:56:17 [ main ] HHH000115: Hibernate connection pool size: 20 (min=1)
2019-06-13 16:56:17 [ main ] HHH000400: Using dialect: org.hibernate.dialect.MySQLDialect
2019-06-13 16:56:18 [ main ] HHH10001501: Connection obtained from JdbcConnectionAccess [org.hibernate.engine.jdbc.env.internal.JdbcEnvironmentInitiator$ConnectionProviderJdbcConnectionAccess@41c07648] for (non-JTA) DDL execution was not in auto-commit mode; the Connection 'local transaction' will be committed and the Connection will be set into auto-commit mode.
2019-06-13 16:56:18 [ main ] HHH000397: Using ASTQueryTranslatorFactory
2019-06-13 17:02:17 [ main ] HHH000412: Hibernate Core {5.2.17.Final}
2019-06-13 17:02:17 [ main ] HHH000206: hibernate.properties not found
2019-06-13 17:02:17 [ main ] HCANN000001: Hibernate Commons Annotations {5.0.1.Final}
2019-06-13 17:02:17 [ main ] HHH90000012: Recognized obsolete hibernate namespace http://hibernate.sourceforge.net/hibernate-mapping. Use namespace http://www.hibernate.org/dtd/hibernate-mapping instead.  Support for obsolete DTD/XSD namespaces may be removed at any time.
2019-06-13 17:02:18 [ main ] HHH10001002: Using Hibernate built-in connection pool (not for production use!)
2019-06-13 17:02:19 [ main ] HHH10001005: using driver [com.mysql.jdbc.Driver] at URL [jdbc:mysql://localhost:3306/education]
2019-06-13 17:02:19 [ main ] HHH10001001: Connection properties: {user=root, password=****}
2019-06-13 17:02:19 [ main ] HHH10001003: Autocommit mode: false
2019-06-13 17:02:19 [ main ] HHH000115: Hibernate connection pool size: 20 (min=1)
2019-06-13 17:02:19 [ main ] HHH000400: Using dialect: org.hibernate.dialect.MySQLDialect
2019-06-13 17:02:20 [ main ] HHH10001501: Connection obtained from JdbcConnectionAccess [org.hibernate.engine.jdbc.env.internal.JdbcEnvironmentInitiator$ConnectionProviderJdbcConnectionAccess@41c07648] for (non-JTA) DDL execution was not in auto-commit mode; the Connection 'local transaction' will be committed and the Connection will be set into auto-commit mode.
2019-06-13 17:02:20 [ main ] HHH000397: Using ASTQueryTranslatorFactory
2019-06-13 17:13:43 [ http-nio-8080-exec-3 ] HHH000412: Hibernate Core {5.2.17.Final}
2019-06-13 17:13:43 [ http-nio-8080-exec-3 ] HHH000206: hibernate.properties not found
2019-06-13 17:13:44 [ http-nio-8080-exec-3 ] HCANN000001: Hibernate Commons Annotations {5.0.1.Final}
2019-06-13 17:13:44 [ http-nio-8080-exec-3 ] HHH90000012: Recognized obsolete hibernate namespace http://hibernate.sourceforge.net/hibernate-mapping. Use namespace http://www.hibernate.org/dtd/hibernate-mapping instead.  Support for obsolete DTD/XSD namespaces may be removed at any time.
2019-06-13 17:13:46 [ http-nio-8080-exec-3 ] HHH10001002: Using Hibernate built-in connection pool (not for production use!)
2019-06-13 17:13:46 [ http-nio-8080-exec-3 ] HHH10001005: using driver [com.mysql.jdbc.Driver] at URL [jdbc:mysql://localhost:3306/education]
2019-06-13 17:13:46 [ http-nio-8080-exec-3 ] HHH10001001: Connection properties: {user=root, password=****}
2019-06-13 17:13:46 [ http-nio-8080-exec-3 ] HHH10001003: Autocommit mode: false
2019-06-13 17:13:46 [ http-nio-8080-exec-3 ] HHH000115: Hibernate connection pool size: 20 (min=1)
2019-06-13 17:13:46 [ http-nio-8080-exec-3 ] HHH000400: Using dialect: org.hibernate.dialect.MySQLDialect
2019-06-13 17:13:48 [ http-nio-8080-exec-3 ] HHH10001501: Connection obtained from JdbcConnectionAccess [org.hibernate.engine.jdbc.env.internal.JdbcEnvironmentInitiator$ConnectionProviderJdbcConnectionAccess@1ede3da] for (non-JTA) DDL execution was not in auto-commit mode; the Connection 'local transaction' will be committed and the Connection will be set into auto-commit mode.
2019-06-13 17:13:48 [ http-nio-8080-exec-3 ] HHH000397: Using ASTQueryTranslatorFactory
2019-06-13 17:58:07 [ http-nio-8080-exec-5 ] 处理第一类规则
2019-06-13 17:58:07 [ http-nio-8080-exec-5 ] to count the excel columns
2019-06-13 17:58:07 [ http-nio-8080-exec-5 ] the excel has 14 columns!
2019-06-13 17:58:07 [ http-nio-8080-exec-5 ] to count the excel lines
2019-06-13 17:58:07 [ http-nio-8080-exec-5 ] the excel has 3 lines
2019-06-13 17:58:07 [ http-nio-8080-exec-5 ] to decide which column to check
2019-06-13 17:58:07 [ http-nio-8080-exec-5 ] to decide which column to check
2019-06-13 17:58:07 [ http-nio-8080-exec-5 ] to decide which column to check
2019-06-13 17:58:07 [ http-nio-8080-exec-5 ] 处理第二类规则
2019-06-13 17:58:07 [ http-nio-8080-exec-5 ] start to check the uploaded excel:
2019-06-13 17:58:07 [ http-nio-8080-exec-5 ] begin to translate rule simple.
2019-06-13 17:58:07 [ http-nio-8080-exec-5 ] to count the excel lines
2019-06-13 17:58:08 [ http-nio-8080-exec-5 ] the excel has 3 lines
2019-06-13 17:58:08 [ http-nio-8080-exec-5 ] to count the excel columns
2019-06-13 17:58:08 [ http-nio-8080-exec-5 ] the excel has 14 columns!
2019-06-13 17:58:08 [ http-nio-8080-exec-5 ] to decide which column to check
2019-06-13 17:58:08 [ http-nio-8080-exec-5 ] 处理第四类规则
2019-06-13 17:58:08 [ http-nio-8080-exec-5 ] rule 4: begin to check
2019-06-13 17:58:08 [ http-nio-8080-exec-5 ] to count the excel columns
2019-06-13 17:58:08 [ http-nio-8080-exec-5 ] the excel has 14 columns!
2019-06-13 17:58:08 [ http-nio-8080-exec-5 ] to count the excel lines
2019-06-13 17:58:08 [ http-nio-8080-exec-5 ] the excel has 3 lines
2019-06-13 17:58:08 [ http-nio-8080-exec-5 ] to decide which column to check
2019-06-13 17:58:08 [ http-nio-8080-exec-5 ] begin to translate the rule
2019-06-13 17:58:08 [ http-nio-8080-exec-5 ] to decide which column to check
2019-06-13 17:58:08 [ http-nio-8080-exec-5 ] to decide which column to check
2019-06-13 17:58:08 [ http-nio-8080-exec-5 ] to decide which column to check
2019-06-13 17:58:51 [ http-nio-8080-exec-2 ] 处理第一类规则
2019-06-13 17:58:51 [ http-nio-8080-exec-2 ] to count the excel columns
2019-06-13 17:58:51 [ http-nio-8080-exec-2 ] the excel has 13 columns!
2019-06-13 17:58:51 [ http-nio-8080-exec-2 ] to count the excel lines
2019-06-13 17:58:51 [ http-nio-8080-exec-2 ] the excel has 3 lines
2019-06-13 17:58:51 [ http-nio-8080-exec-2 ] to decide which column to check
2019-06-13 17:58:51 [ http-nio-8080-exec-2 ] to decide which column to check
2019-06-13 17:58:51 [ http-nio-8080-exec-2 ] to decide which column to check
2019-06-13 17:58:51 [ http-nio-8080-exec-2 ] 处理第二类规则
2019-06-13 17:58:51 [ http-nio-8080-exec-2 ] start to check the uploaded excel:
2019-06-13 17:58:51 [ http-nio-8080-exec-2 ] begin to translate rule simple.
2019-06-13 17:58:51 [ http-nio-8080-exec-2 ] to count the excel lines
2019-06-13 17:58:51 [ http-nio-8080-exec-2 ] the excel has 3 lines
2019-06-13 17:58:51 [ http-nio-8080-exec-2 ] to count the excel columns
2019-06-13 17:58:51 [ http-nio-8080-exec-2 ] the excel has 13 columns!
2019-06-13 17:58:51 [ http-nio-8080-exec-2 ] to decide which column to check
2019-06-13 17:58:51 [ http-nio-8080-exec-2 ] 处理第四类规则
2019-06-13 17:58:51 [ http-nio-8080-exec-2 ] rule 4: begin to check
2019-06-13 17:58:51 [ http-nio-8080-exec-2 ] to count the excel columns
2019-06-13 17:58:51 [ http-nio-8080-exec-2 ] the excel has 13 columns!
2019-06-13 17:58:51 [ http-nio-8080-exec-2 ] to count the excel lines
2019-06-13 17:58:51 [ http-nio-8080-exec-2 ] the excel has 3 lines
2019-06-13 17:58:51 [ http-nio-8080-exec-2 ] to decide which column to check
2019-06-13 17:58:51 [ http-nio-8080-exec-2 ] begin to translate the rule
2019-06-13 17:58:51 [ http-nio-8080-exec-2 ] to decide which column to check
2019-06-13 17:58:51 [ http-nio-8080-exec-2 ] to decide which column to check
2019-06-13 17:58:51 [ http-nio-8080-exec-2 ] to decide which column to check
2019-06-13 18:01:24 [ http-nio-8080-exec-8 ] 处理第一类规则
2019-06-13 18:01:24 [ http-nio-8080-exec-8 ] to count the excel columns
2019-06-13 18:01:24 [ http-nio-8080-exec-8 ] the excel has 12 columns!
2019-06-13 18:01:24 [ http-nio-8080-exec-8 ] to count the excel lines
2019-06-13 18:01:24 [ http-nio-8080-exec-8 ] the excel has 4 lines
2019-06-13 18:01:24 [ http-nio-8080-exec-8 ] to decide which column to check
2019-06-13 18:01:24 [ http-nio-8080-exec-8 ] to decide which column to check
2019-06-13 18:01:24 [ http-nio-8080-exec-8 ] to decide which column to check
2019-06-13 18:01:24 [ http-nio-8080-exec-8 ] 处理第二类规则
2019-06-13 18:01:24 [ http-nio-8080-exec-8 ] start to check the uploaded excel:
2019-06-13 18:01:24 [ http-nio-8080-exec-8 ] begin to translate rule simple.
2019-06-13 18:01:24 [ http-nio-8080-exec-8 ] to count the excel lines
2019-06-13 18:01:24 [ http-nio-8080-exec-8 ] the excel has 4 lines
2019-06-13 18:01:24 [ http-nio-8080-exec-8 ] to count the excel columns
2019-06-13 18:01:24 [ http-nio-8080-exec-8 ] the excel has 12 columns!
2019-06-13 18:01:24 [ http-nio-8080-exec-8 ] to decide which column to check
2019-06-13 18:01:24 [ http-nio-8080-exec-8 ] 处理第四类规则
2019-06-13 18:01:24 [ http-nio-8080-exec-8 ] rule 4: begin to check
2019-06-13 18:01:24 [ http-nio-8080-exec-8 ] to count the excel columns
2019-06-13 18:01:24 [ http-nio-8080-exec-8 ] the excel has 12 columns!
2019-06-13 18:01:24 [ http-nio-8080-exec-8 ] to count the excel lines
2019-06-13 18:01:24 [ http-nio-8080-exec-8 ] the excel has 4 lines
2019-06-13 18:01:24 [ http-nio-8080-exec-8 ] to decide which column to check
2019-06-13 18:01:24 [ http-nio-8080-exec-8 ] begin to translate the rule
2019-06-13 18:01:24 [ http-nio-8080-exec-8 ] to decide which column to check
2019-06-13 18:01:24 [ http-nio-8080-exec-8 ] to decide which column to check
2019-06-13 18:01:24 [ http-nio-8080-exec-8 ] to decide which column to check
2019-06-13 18:08:12 [ main ] begin to check whether excel format is right.
2019-06-13 18:08:12 [ main ] to count the excel columns
2019-06-13 18:08:12 [ main ] the excel has 12 columns!
2019-06-13 18:08:12 [ main ] HHH000412: Hibernate Core {5.2.17.Final}
2019-06-13 18:08:12 [ main ] HHH000206: hibernate.properties not found
2019-06-13 18:08:12 [ main ] HCANN000001: Hibernate Commons Annotations {5.0.1.Final}
2019-06-13 18:08:12 [ main ] HHH90000012: Recognized obsolete hibernate namespace http://hibernate.sourceforge.net/hibernate-mapping. Use namespace http://www.hibernate.org/dtd/hibernate-mapping instead.  Support for obsolete DTD/XSD namespaces may be removed at any time.
2019-06-13 18:08:14 [ main ] HHH10001002: Using Hibernate built-in connection pool (not for production use!)
2019-06-13 18:08:14 [ main ] HHH10001005: using driver [com.mysql.jdbc.Driver] at URL [jdbc:mysql://localhost:3306/education]
2019-06-13 18:08:14 [ main ] HHH10001001: Connection properties: {user=root, password=****}
2019-06-13 18:08:14 [ main ] HHH10001003: Autocommit mode: false
2019-06-13 18:08:14 [ main ] HHH000115: Hibernate connection pool size: 20 (min=1)
2019-06-13 18:08:14 [ main ] HHH000400: Using dialect: org.hibernate.dialect.MySQLDialect
2019-06-13 18:08:15 [ main ] HHH10001501: Connection obtained from JdbcConnectionAccess [org.hibernate.engine.jdbc.env.internal.JdbcEnvironmentInitiator$ConnectionProviderJdbcConnectionAccess@d400943] for (non-JTA) DDL execution was not in auto-commit mode; the Connection 'local transaction' will be committed and the Connection will be set into auto-commit mode.
2019-06-13 18:08:15 [ main ] HHH000397: Using ASTQueryTranslatorFactory
2019-06-13 18:08:16 [ main ] ----------ERROR:导入数据表格式不正确！---------
2019-06-13 18:12:56 [ main ] HHH000412: Hibernate Core {5.2.17.Final}
2019-06-13 18:12:56 [ main ] HHH000206: hibernate.properties not found
2019-06-13 18:12:56 [ main ] HCANN000001: Hibernate Commons Annotations {5.0.1.Final}
2019-06-13 18:12:56 [ main ] HHH90000012: Recognized obsolete hibernate namespace http://hibernate.sourceforge.net/hibernate-mapping. Use namespace http://www.hibernate.org/dtd/hibernate-mapping instead.  Support for obsolete DTD/XSD namespaces may be removed at any time.
2019-06-13 18:12:58 [ main ] HHH10001002: Using Hibernate built-in connection pool (not for production use!)
2019-06-13 18:12:58 [ main ] HHH10001005: using driver [com.mysql.jdbc.Driver] at URL [jdbc:mysql://localhost:3306/education]
2019-06-13 18:12:58 [ main ] HHH10001001: Connection properties: {user=root, password=****}
2019-06-13 18:12:58 [ main ] HHH10001003: Autocommit mode: false
2019-06-13 18:12:58 [ main ] HHH000115: Hibernate connection pool size: 20 (min=1)
2019-06-13 18:12:58 [ main ] HHH000400: Using dialect: org.hibernate.dialect.MySQLDialect
2019-06-13 18:12:59 [ main ] HHH10001501: Connection obtained from JdbcConnectionAccess [org.hibernate.engine.jdbc.env.internal.JdbcEnvironmentInitiator$ConnectionProviderJdbcConnectionAccess@4a183d02] for (non-JTA) DDL execution was not in auto-commit mode; the Connection 'local transaction' will be committed and the Connection will be set into auto-commit mode.
2019-06-13 18:12:59 [ main ] HHH000397: Using ASTQueryTranslatorFactory
2019-06-13 18:13:00 [ main ] 处理第一类规则
2019-06-13 18:13:00 [ main ] to count the excel columns
2019-06-13 18:13:00 [ main ] the excel has 12 columns!
2019-06-13 18:13:00 [ main ] to count the excel lines
2019-06-13 18:13:00 [ main ] the excel has 4 lines
2019-06-13 18:13:00 [ main ] to decide which column to check
2019-06-13 18:13:00 [ main ] to decide which column to check
2019-06-13 18:13:00 [ main ] to decide which column to check
2019-06-13 18:13:00 [ main ] 处理第二类规则
2019-06-13 18:13:00 [ main ] start to check the uploaded excel:
2019-06-13 18:13:00 [ main ] begin to translate rule simple.
2019-06-13 18:13:00 [ main ] to count the excel lines
2019-06-13 18:13:00 [ main ] the excel has 4 lines
2019-06-13 18:13:00 [ main ] to count the excel columns
2019-06-13 18:13:00 [ main ] the excel has 12 columns!
2019-06-13 18:13:00 [ main ] to decide which column to check
2019-06-13 18:13:00 [ main ] 处理第四类规则
2019-06-13 18:13:00 [ main ] rule 4: begin to check
2019-06-13 18:13:00 [ main ] to count the excel columns
2019-06-13 18:13:00 [ main ] the excel has 12 columns!
2019-06-13 18:13:00 [ main ] to count the excel lines
2019-06-13 18:13:00 [ main ] the excel has 4 lines
2019-06-13 18:13:00 [ main ] to decide which column to check
2019-06-13 18:13:00 [ main ] begin to translate the rule
2019-06-13 18:13:00 [ main ] to decide which column to check
2019-06-13 18:13:00 [ main ] to decide which column to check
2019-06-13 18:13:00 [ main ] to decide which column to check
2019-06-13 18:13:00 [ main ] begin to check whether excel format is right.
2019-06-13 18:13:00 [ main ] to count the excel columns
2019-06-13 18:13:00 [ main ] the excel has 12 columns!
2019-06-13 18:13:00 [ main ] ----------ERROR:导入数据表格式不正确！---------
2019-06-13 18:15:09 [ http-nio-8080-exec-8 ] 处理第一类规则
2019-06-13 18:15:09 [ http-nio-8080-exec-8 ] to count the excel columns
2019-06-13 18:15:09 [ http-nio-8080-exec-8 ] the excel has 12 columns!
2019-06-13 18:15:09 [ http-nio-8080-exec-8 ] to count the excel lines
2019-06-13 18:15:09 [ http-nio-8080-exec-8 ] the excel has 4 lines
2019-06-13 18:15:09 [ http-nio-8080-exec-8 ] to decide which column to check
2019-06-13 18:15:09 [ http-nio-8080-exec-8 ] to decide which column to check
2019-06-13 18:15:09 [ http-nio-8080-exec-8 ] to decide which column to check
2019-06-13 18:15:09 [ http-nio-8080-exec-8 ] 处理第二类规则
2019-06-13 18:15:09 [ http-nio-8080-exec-8 ] start to check the uploaded excel:
2019-06-13 18:15:09 [ http-nio-8080-exec-8 ] begin to translate rule simple.
2019-06-13 18:15:09 [ http-nio-8080-exec-8 ] to count the excel lines
2019-06-13 18:15:09 [ http-nio-8080-exec-8 ] the excel has 4 lines
2019-06-13 18:15:09 [ http-nio-8080-exec-8 ] to count the excel columns
2019-06-13 18:15:09 [ http-nio-8080-exec-8 ] the excel has 12 columns!
2019-06-13 18:15:09 [ http-nio-8080-exec-8 ] to decide which column to check
2019-06-13 18:15:09 [ http-nio-8080-exec-8 ] 处理第四类规则
2019-06-13 18:15:09 [ http-nio-8080-exec-8 ] rule 4: begin to check
2019-06-13 18:15:09 [ http-nio-8080-exec-8 ] to count the excel columns
2019-06-13 18:15:09 [ http-nio-8080-exec-8 ] the excel has 12 columns!
2019-06-13 18:15:09 [ http-nio-8080-exec-8 ] to count the excel lines
2019-06-13 18:15:09 [ http-nio-8080-exec-8 ] the excel has 4 lines
2019-06-13 18:15:09 [ http-nio-8080-exec-8 ] to decide which column to check
2019-06-13 18:15:09 [ http-nio-8080-exec-8 ] begin to translate the rule
2019-06-13 18:15:09 [ http-nio-8080-exec-8 ] to decide which column to check
2019-06-13 18:15:09 [ http-nio-8080-exec-8 ] to decide which column to check
2019-06-13 18:15:09 [ http-nio-8080-exec-8 ] to decide which column to check
2019-06-13 18:15:37 [ http-nio-8080-exec-3 ] HHH000412: Hibernate Core {5.2.17.Final}
2019-06-13 18:15:37 [ http-nio-8080-exec-3 ] HHH000206: hibernate.properties not found
2019-06-13 18:15:38 [ http-nio-8080-exec-3 ] HCANN000001: Hibernate Commons Annotations {5.0.1.Final}
2019-06-13 18:15:38 [ http-nio-8080-exec-3 ] HHH90000012: Recognized obsolete hibernate namespace http://hibernate.sourceforge.net/hibernate-mapping. Use namespace http://www.hibernate.org/dtd/hibernate-mapping instead.  Support for obsolete DTD/XSD namespaces may be removed at any time.
2019-06-13 18:15:40 [ http-nio-8080-exec-3 ] HHH10001002: Using Hibernate built-in connection pool (not for production use!)
2019-06-13 18:15:40 [ http-nio-8080-exec-3 ] HHH10001005: using driver [com.mysql.jdbc.Driver] at URL [jdbc:mysql://localhost:3306/education]
2019-06-13 18:15:40 [ http-nio-8080-exec-3 ] HHH10001001: Connection properties: {user=root, password=****}
2019-06-13 18:15:40 [ http-nio-8080-exec-3 ] HHH10001003: Autocommit mode: false
2019-06-13 18:15:40 [ http-nio-8080-exec-3 ] HHH000115: Hibernate connection pool size: 20 (min=1)
2019-06-13 18:15:40 [ http-nio-8080-exec-3 ] HHH000400: Using dialect: org.hibernate.dialect.MySQLDialect
2019-06-13 18:15:42 [ http-nio-8080-exec-3 ] HHH10001501: Connection obtained from JdbcConnectionAccess [org.hibernate.engine.jdbc.env.internal.JdbcEnvironmentInitiator$ConnectionProviderJdbcConnectionAccess@3570782] for (non-JTA) DDL execution was not in auto-commit mode; the Connection 'local transaction' will be committed and the Connection will be set into auto-commit mode.
2019-06-13 18:15:43 [ http-nio-8080-exec-3 ] HHH000397: Using ASTQueryTranslatorFactory
2019-06-13 18:15:49 [ http-nio-8080-exec-7 ] begin to check whether excel format is right.
2019-06-13 18:15:49 [ http-nio-8080-exec-7 ] to count the excel columns
2019-06-13 18:15:49 [ http-nio-8080-exec-7 ] the excel has 12 columns!
2019-06-13 18:15:49 [ http-nio-8080-exec-7 ] ----------ERROR:导入数据表格式不正确！---------
2019-06-13 18:15:49 [ http-nio-8080-exec-7 ] to count the excel columns
2019-06-13 18:15:49 [ http-nio-8080-exec-7 ] the excel has 12 columns!
2019-06-13 18:15:49 [ http-nio-8080-exec-7 ] to count the excel lines
2019-06-13 18:15:49 [ http-nio-8080-exec-7 ] the excel has 4 lines
2019-06-13 18:15:49 [ http-nio-8080-exec-7 ] 插入数据库语句:insert into tbl_xxgk(CREATOR, CREATE_TIME, LAST_OPERATOR, LAST_OPERATE_TIME, STATUS, TJSJ, XXMC, XXDM, YWMC, BXLX, XXXZ, JBZ, ZGBM, XXWZ, ZSPC, KBBKJYNF, TBFZRXM, TBFZRLXDH) values(1, ?, 1, ?, 1, ?, '星海音乐学院', '1587', '1977', '普通本科院校', '艺术院校', '省级教育部门', '省市（自治区）教育厅（委）', 'http://www.xhcom.edu.cn', '提前批招生', '1977', '许少茹', '1387')
2019-06-13 18:15:49 [ http-nio-8080-exec-7 ] 插入数据库语句:insert into tbl_xxgk(CREATOR, CREATE_TIME, LAST_OPERATOR, LAST_OPERATE_TIME, STATUS, TJSJ, XXMC, XXDM, YWMC, BXLX, XXXZ, JBZ, ZGBM, XXWZ, ZSPC, KBBKJYNF, TBFZRXM, TBFZRLXDH) values(1, ?, 1, ?, 1, ?, '星海音乐学院', '2587', 'Xinghai  Conservatory   of   Music', '普通本科院校', '艺术院校', '省级教育部门', '省市（自治区）教育厅（委）', 'http://www.xhcom.edu.cn', '提前批招生', '1977', '陈锋', '3456')
2019-06-13 18:15:49 [ http-nio-8080-exec-7 ] 插入数据库语句:insert into tbl_xxgk(CREATOR, CREATE_TIME, LAST_OPERATOR, LAST_OPERATE_TIME, STATUS, TJSJ, XXMC, XXDM, YWMC, BXLX, XXXZ, JBZ, ZGBM, XXWZ, ZSPC, KBBKJYNF, TBFZRXM, TBFZRLXDH) values(1, ?, 1, ?, 1, ?, '上海戏剧学院', '1977', 'Xinghai  Conservatory   of   Music', '普通本科院校', '艺术院校', '省级教育部门', '省市（自治区）教育厅（委）', 'http://www.xhcom.edu.cn', '提前批招生', '1977', '拉拉', '13822288096')
2019-06-13 18:19:20 [ http-nio-8080-exec-7 ] begin to check whether excel format is right.
2019-06-13 18:19:20 [ http-nio-8080-exec-7 ] to count the excel columns
2019-06-13 18:19:20 [ http-nio-8080-exec-7 ] the excel has 12 columns!
2019-06-13 18:19:20 [ http-nio-8080-exec-7 ] ----------ERROR:导入数据表格式不正确！---------
2019-06-13 18:19:20 [ http-nio-8080-exec-7 ] to count the excel columns
2019-06-13 18:19:20 [ http-nio-8080-exec-7 ] the excel has 12 columns!
2019-06-13 18:19:20 [ http-nio-8080-exec-7 ] to count the excel lines
2019-06-13 18:19:20 [ http-nio-8080-exec-7 ] the excel has 4 lines
2019-06-13 18:19:20 [ http-nio-8080-exec-7 ] 插入数据库语句:insert into tbl_xxgk(CREATOR, CREATE_TIME, LAST_OPERATOR, LAST_OPERATE_TIME, STATUS, TJSJ, XXMC, XXDM, YWMC, BXLX, XXXZ, JBZ, ZGBM, XXWZ, ZSPC, KBBKJYNF, TBFZRXM, TBFZRLXDH) values(1, ?, 1, ?, 1, ?, '星海音乐学院', '1587', '1977', '普通本科院校', '艺术院校', '省级教育部门', '省市（自治区）教育厅（委）', 'http://www.xhcom.edu.cn', '提前批招生', '1977', '许少茹', '1387')
2019-06-13 18:19:20 [ http-nio-8080-exec-7 ] 插入数据库语句:insert into tbl_xxgk(CREATOR, CREATE_TIME, LAST_OPERATOR, LAST_OPERATE_TIME, STATUS, TJSJ, XXMC, XXDM, YWMC, BXLX, XXXZ, JBZ, ZGBM, XXWZ, ZSPC, KBBKJYNF, TBFZRXM, TBFZRLXDH) values(1, ?, 1, ?, 1, ?, '星海音乐学院', '2587', 'Xinghai  Conservatory   of   Music', '普通本科院校', '艺术院校', '省级教育部门', '省市（自治区）教育厅（委）', 'http://www.xhcom.edu.cn', '提前批招生', '1977', '陈锋', '3456')
2019-06-13 18:19:20 [ http-nio-8080-exec-7 ] 插入数据库语句:insert into tbl_xxgk(CREATOR, CREATE_TIME, LAST_OPERATOR, LAST_OPERATE_TIME, STATUS, TJSJ, XXMC, XXDM, YWMC, BXLX, XXXZ, JBZ, ZGBM, XXWZ, ZSPC, KBBKJYNF, TBFZRXM, TBFZRLXDH) values(1, ?, 1, ?, 1, ?, '上海戏剧学院', '1977', 'Xinghai  Conservatory   of   Music', '普通本科院校', '艺术院校', '省级教育部门', '省市（自治区）教育厅（委）', 'http://www.xhcom.edu.cn', '提前批招生', '1977', '拉拉', '13822288096')
2019-06-13 18:20:38 [ http-nio-8080-exec-4 ] HHH000412: Hibernate Core {5.2.17.Final}
2019-06-13 18:20:38 [ http-nio-8080-exec-4 ] HHH000206: hibernate.properties not found
2019-06-13 18:20:39 [ http-nio-8080-exec-4 ] HCANN000001: Hibernate Commons Annotations {5.0.1.Final}
2019-06-13 18:20:39 [ http-nio-8080-exec-4 ] HHH90000012: Recognized obsolete hibernate namespace http://hibernate.sourceforge.net/hibernate-mapping. Use namespace http://www.hibernate.org/dtd/hibernate-mapping instead.  Support for obsolete DTD/XSD namespaces may be removed at any time.
2019-06-13 18:20:41 [ http-nio-8080-exec-4 ] HHH10001002: Using Hibernate built-in connection pool (not for production use!)
2019-06-13 18:20:41 [ http-nio-8080-exec-4 ] HHH10001005: using driver [com.mysql.jdbc.Driver] at URL [jdbc:mysql://localhost:3306/education]
2019-06-13 18:20:41 [ http-nio-8080-exec-4 ] HHH10001001: Connection properties: {user=root, password=****}
2019-06-13 18:20:41 [ http-nio-8080-exec-4 ] HHH10001003: Autocommit mode: false
2019-06-13 18:20:41 [ http-nio-8080-exec-4 ] HHH000115: Hibernate connection pool size: 20 (min=1)
2019-06-13 18:20:41 [ http-nio-8080-exec-4 ] HHH000400: Using dialect: org.hibernate.dialect.MySQLDialect
2019-06-13 18:20:43 [ http-nio-8080-exec-4 ] HHH10001501: Connection obtained from JdbcConnectionAccess [org.hibernate.engine.jdbc.env.internal.JdbcEnvironmentInitiator$ConnectionProviderJdbcConnectionAccess@5c304f17] for (non-JTA) DDL execution was not in auto-commit mode; the Connection 'local transaction' will be committed and the Connection will be set into auto-commit mode.
2019-06-13 18:20:43 [ http-nio-8080-exec-4 ] HHH000397: Using ASTQueryTranslatorFactory
2019-06-13 18:20:51 [ http-nio-8080-exec-9 ] begin to check whether excel format is right.
2019-06-13 18:20:51 [ http-nio-8080-exec-9 ] to count the excel columns
2019-06-13 18:20:51 [ http-nio-8080-exec-9 ] the excel has 12 columns!
2019-06-13 18:20:51 [ http-nio-8080-exec-9 ] ----------ERROR:导入数据表格式不正确！---------
2019-06-13 18:22:01 [ http-nio-8080-exec-4 ] begin to check whether excel format is right.
2019-06-13 18:22:01 [ http-nio-8080-exec-4 ] to count the excel columns
2019-06-13 18:22:01 [ http-nio-8080-exec-4 ] the excel has 13 columns!
2019-06-13 18:22:01 [ http-nio-8080-exec-4 ] 处理第一类规则
2019-06-13 18:22:01 [ http-nio-8080-exec-4 ] to count the excel columns
2019-06-13 18:22:01 [ http-nio-8080-exec-4 ] the excel has 13 columns!
2019-06-13 18:22:01 [ http-nio-8080-exec-4 ] to count the excel lines
2019-06-13 18:22:01 [ http-nio-8080-exec-4 ] the excel has 4 lines
2019-06-13 18:22:01 [ http-nio-8080-exec-4 ] to decide which column to check
2019-06-13 18:22:01 [ http-nio-8080-exec-4 ] to decide which column to check
2019-06-13 18:22:01 [ http-nio-8080-exec-4 ] to decide which column to check
2019-06-13 18:22:01 [ http-nio-8080-exec-4 ] 处理第二类规则
2019-06-13 18:22:01 [ http-nio-8080-exec-4 ] start to check the uploaded excel:
2019-06-13 18:22:01 [ http-nio-8080-exec-4 ] begin to translate rule simple.
2019-06-13 18:22:01 [ http-nio-8080-exec-4 ] to count the excel lines
2019-06-13 18:22:01 [ http-nio-8080-exec-4 ] the excel has 4 lines
2019-06-13 18:22:01 [ http-nio-8080-exec-4 ] to count the excel columns
2019-06-13 18:22:01 [ http-nio-8080-exec-4 ] the excel has 13 columns!
2019-06-13 18:22:01 [ http-nio-8080-exec-4 ] to decide which column to check
2019-06-13 18:22:01 [ http-nio-8080-exec-4 ] 处理第四类规则
2019-06-13 18:22:01 [ http-nio-8080-exec-4 ] rule 4: begin to check
2019-06-13 18:22:01 [ http-nio-8080-exec-4 ] to count the excel columns
2019-06-13 18:22:01 [ http-nio-8080-exec-4 ] the excel has 13 columns!
2019-06-13 18:22:01 [ http-nio-8080-exec-4 ] to count the excel lines
2019-06-13 18:22:01 [ http-nio-8080-exec-4 ] the excel has 4 lines
2019-06-13 18:22:01 [ http-nio-8080-exec-4 ] to decide which column to check
2019-06-13 18:22:01 [ http-nio-8080-exec-4 ] begin to translate the rule
2019-06-13 18:22:01 [ http-nio-8080-exec-4 ] to decide which column to check
2019-06-13 18:22:01 [ http-nio-8080-exec-4 ] to decide which column to check
2019-06-13 18:22:01 [ http-nio-8080-exec-4 ] to decide which column to check
2019-06-13 18:22:12 [ http-nio-8080-exec-8 ] begin to check whether excel format is right.
2019-06-13 18:22:12 [ http-nio-8080-exec-8 ] to count the excel columns
2019-06-13 18:22:12 [ http-nio-8080-exec-8 ] the excel has 13 columns!
2019-06-13 18:22:12 [ http-nio-8080-exec-8 ] 处理第一类规则
2019-06-13 18:22:12 [ http-nio-8080-exec-8 ] to count the excel columns
2019-06-13 18:22:12 [ http-nio-8080-exec-8 ] the excel has 13 columns!
2019-06-13 18:22:12 [ http-nio-8080-exec-8 ] to count the excel lines
2019-06-13 18:22:12 [ http-nio-8080-exec-8 ] the excel has 4 lines
2019-06-13 18:22:12 [ http-nio-8080-exec-8 ] to decide which column to check
2019-06-13 18:22:12 [ http-nio-8080-exec-8 ] to decide which column to check
2019-06-13 18:22:12 [ http-nio-8080-exec-8 ] to decide which column to check
2019-06-13 18:22:12 [ http-nio-8080-exec-8 ] 处理第二类规则
2019-06-13 18:22:12 [ http-nio-8080-exec-8 ] start to check the uploaded excel:
2019-06-13 18:22:12 [ http-nio-8080-exec-8 ] begin to translate rule simple.
2019-06-13 18:22:12 [ http-nio-8080-exec-8 ] to count the excel lines
2019-06-13 18:22:12 [ http-nio-8080-exec-8 ] the excel has 4 lines
2019-06-13 18:22:12 [ http-nio-8080-exec-8 ] to count the excel columns
2019-06-13 18:22:12 [ http-nio-8080-exec-8 ] the excel has 13 columns!
2019-06-13 18:22:12 [ http-nio-8080-exec-8 ] to decide which column to check
2019-06-13 18:22:12 [ http-nio-8080-exec-8 ] 处理第四类规则
2019-06-13 18:22:12 [ http-nio-8080-exec-8 ] rule 4: begin to check
2019-06-13 18:22:12 [ http-nio-8080-exec-8 ] to count the excel columns
2019-06-13 18:22:12 [ http-nio-8080-exec-8 ] the excel has 13 columns!
2019-06-13 18:22:12 [ http-nio-8080-exec-8 ] to count the excel lines
2019-06-13 18:22:12 [ http-nio-8080-exec-8 ] the excel has 4 lines
2019-06-13 18:22:12 [ http-nio-8080-exec-8 ] to decide which column to check
2019-06-13 18:22:12 [ http-nio-8080-exec-8 ] begin to translate the rule
2019-06-13 18:22:12 [ http-nio-8080-exec-8 ] to decide which column to check
2019-06-13 18:22:12 [ http-nio-8080-exec-8 ] to decide which column to check
2019-06-13 18:22:12 [ http-nio-8080-exec-8 ] to decide which column to check
2019-06-13 18:22:57 [ http-nio-8080-exec-4 ] begin to check whether excel format is right.
2019-06-13 18:22:57 [ http-nio-8080-exec-4 ] to count the excel columns
2019-06-13 18:22:57 [ http-nio-8080-exec-4 ] the excel has 13 columns!
2019-06-13 18:22:57 [ http-nio-8080-exec-4 ] 处理第一类规则
2019-06-13 18:22:57 [ http-nio-8080-exec-4 ] to count the excel columns
2019-06-13 18:22:57 [ http-nio-8080-exec-4 ] the excel has 13 columns!
2019-06-13 18:22:57 [ http-nio-8080-exec-4 ] to count the excel lines
2019-06-13 18:22:57 [ http-nio-8080-exec-4 ] the excel has 4 lines
2019-06-13 18:22:57 [ http-nio-8080-exec-4 ] to decide which column to check
2019-06-13 18:22:57 [ http-nio-8080-exec-4 ] to decide which column to check
2019-06-13 18:22:57 [ http-nio-8080-exec-4 ] to decide which column to check
2019-06-13 18:22:57 [ http-nio-8080-exec-4 ] 处理第二类规则
2019-06-13 18:22:57 [ http-nio-8080-exec-4 ] start to check the uploaded excel:
2019-06-13 18:22:57 [ http-nio-8080-exec-4 ] begin to translate rule simple.
2019-06-13 18:22:57 [ http-nio-8080-exec-4 ] to count the excel lines
2019-06-13 18:22:57 [ http-nio-8080-exec-4 ] the excel has 4 lines
2019-06-13 18:22:57 [ http-nio-8080-exec-4 ] to count the excel columns
2019-06-13 18:22:57 [ http-nio-8080-exec-4 ] the excel has 13 columns!
2019-06-13 18:22:57 [ http-nio-8080-exec-4 ] to decide which column to check
2019-06-13 18:22:57 [ http-nio-8080-exec-4 ] 处理第四类规则
2019-06-13 18:22:57 [ http-nio-8080-exec-4 ] rule 4: begin to check
2019-06-13 18:22:57 [ http-nio-8080-exec-4 ] to count the excel columns
2019-06-13 18:22:57 [ http-nio-8080-exec-4 ] the excel has 13 columns!
2019-06-13 18:22:57 [ http-nio-8080-exec-4 ] to count the excel lines
2019-06-13 18:22:57 [ http-nio-8080-exec-4 ] the excel has 4 lines
2019-06-13 18:22:57 [ http-nio-8080-exec-4 ] to decide which column to check
2019-06-13 18:22:57 [ http-nio-8080-exec-4 ] begin to translate the rule
2019-06-13 18:22:57 [ http-nio-8080-exec-4 ] to decide which column to check
2019-06-13 18:22:57 [ http-nio-8080-exec-4 ] to decide which column to check
2019-06-13 18:22:57 [ http-nio-8080-exec-4 ] to decide which column to check
